2014-09-02 09-02-59     ---     调用webservices错误,方法名：[C大盘底部统计]：找不到匹配关系！

2014-09-02 09-02-59     ---     委托回调错误：System.NullReferenceException: 未将对象引用设置到对象的实例。
   在 System.Windows.Forms.Control.MarshaledInvoke(Control caller, Delegate method, Object[] args, Boolean synchronous)
   在 System.Windows.Forms.Control.Invoke(Delegate method, Object[] args)
   在 客户端主程序.FormMainPublic.ShowThreadResult_FL(Hashtable OutPutHT) 位置 f:\富美开发项目\2011工作副本\平台第二版-工作副本\第二版客户端主程序\FormMainPublic.cs:行号 1284

2014-09-02 09-03-00     ---     调用webservices错误,方法名：[C登录账户验证]：找不到匹配关系！

2014-09-02 09-03-02     ---     调用webservices错误,方法名：[C登录账户验证]：找不到匹配关系！

2014-09-02 09-03-04     ---     调用webservices错误,方法名：[C登录账户验证]：找不到匹配关系！

2014-09-02 09-03-04     ---     调用webservices错误,方法名：[C大盘底部统计]：找不到匹配关系！

2014-09-02 09-03-05     ---     调用webservices错误,方法名：[C登录账户验证]：找不到匹配关系！

2014-09-02 09-03-09     ---     调用webservices错误,方法名：[C大盘底部统计]：找不到匹配关系！

2014-09-02 09-03-15     ---     调用webservices错误,方法名：[C大盘底部统计]：找不到匹配关系！

2014-09-02 09-03-20     ---     调用webservices错误,方法名：[C大盘底部统计]：找不到匹配关系！

2014-09-02 09-03-25     ---     调用webservices错误,方法名：[C大盘底部统计]：找不到匹配关系！

2014-09-02 09-03-31     ---     调用webservices错误,方法名：[C登录账户验证]：找不到匹配关系！

2014-09-02 09-03-31     ---     调用webservices错误,方法名：[C大盘底部统计]：找不到匹配关系！

2014-09-02 09-03-36     ---     调用webservices错误,方法名：[C大盘底部统计]：找不到匹配关系！

2014-09-02 09-03-41     ---     调用webservices错误,方法名：[C大盘底部统计]：找不到匹配关系！

2014-09-02 09-03-47     ---     调用webservices错误,方法名：[C大盘底部统计]：找不到匹配关系！

2014-09-02 09-03-52     ---     调用webservices错误,方法名：[C大盘底部统计]：找不到匹配关系！

2014-09-02 09-04-08     ---     调用webservices错误,方法名：[C获得一级分类]：找不到匹配关系！

2014-09-02 09-04-08     ---     委托回调错误：System.NullReferenceException: 未将对象引用设置到对象的实例。
   在 System.Windows.Forms.Control.MarshaledInvoke(Control caller, Delegate method, Object[] args, Boolean synchronous)
   在 System.Windows.Forms.Control.Invoke(Delegate method, Object[] args)
   在 客户端主程序.FormMainPublic.ShowThreadResult_FL(Hashtable OutPutHT) 位置 f:\富美开发项目\2011工作副本\平台第二版-工作副本\第二版客户端主程序\FormMainPublic.cs:行号 1284

2014-09-02 09-04-13     ---     调用webservices错误,方法名：[C大盘底部统计]：找不到匹配关系！

2014-09-02 09-04-18     ---     调用webservices错误,方法名：[C大盘底部统计]：找不到匹配关系！

2014-09-02 09-04-24     ---     调用webservices错误,方法名：[C大盘底部统计]：找不到匹配关系！

2014-09-02 09-04-29     ---     调用webservices错误,方法名：[C大盘底部统计]：找不到匹配关系！

2014-09-02 09-04-34     ---     调用webservices错误,方法名：[C大盘底部统计]：找不到匹配关系！

2014-09-02 09-04-40     ---     调用webservices错误,方法名：[C大盘底部统计]：找不到匹配关系！

2014-09-02 09-04-45     ---     调用webservices错误,方法名：[C大盘底部统计]：找不到匹配关系！

2014-09-02 09-04-50     ---     调用webservices错误,方法名：[C大盘底部统计]：找不到匹配关系！

2014-09-02 09-04-56     ---     调用webservices错误,方法名：[C大盘底部统计]：找不到匹配关系！

2014-09-02 09-05-01     ---     调用webservices错误,方法名：[C大盘底部统计]：找不到匹配关系！

2014-09-02 09-05-06     ---     调用webservices错误,方法名：[C大盘底部统计]：找不到匹配关系！

2014-09-02 09-05-12     ---     调用webservices错误,方法名：[C大盘底部统计]：找不到匹配关系！

2014-09-02 09-05-17     ---     调用webservices错误,方法名：[C大盘底部统计]：找不到匹配关系！

2014-09-02 09-05-22     ---     调用webservices错误,方法名：[C大盘底部统计]：找不到匹配关系！

2014-09-02 09-05-27     ---     调用webservices错误,方法名：[C大盘底部统计]：找不到匹配关系！

2014-09-02 09-05-33     ---     调用webservices错误,方法名：[C大盘底部统计]：找不到匹配关系！

2014-09-02 09-05-35     ---     调用webservices错误,方法名：[C登录账户验证]：找不到匹配关系！

2014-09-02 09-05-37     ---     调用webservices错误,方法名：[C登录账户验证]：找不到匹配关系！

2014-09-02 09-05-38     ---     调用webservices错误,方法名：[C大盘底部统计]：找不到匹配关系！

2014-09-02 09-05-43     ---     调用webservices错误,方法名：[C大盘底部统计]：找不到匹配关系！

2014-09-02 09-05-49     ---     调用webservices错误,方法名：[C大盘底部统计]：找不到匹配关系！

2014-09-02 09-05-54     ---     调用webservices错误,方法名：[C大盘底部统计]：找不到匹配关系！

2014-09-02 09-05-59     ---     调用webservices错误,方法名：[C大盘底部统计]：找不到匹配关系！

2014-09-02 09-06-05     ---     调用webservices错误,方法名：[C大盘底部统计]：找不到匹配关系！

2014-09-02 09-06-10     ---     调用webservices错误,方法名：[C大盘底部统计]：找不到匹配关系！

2014-09-02 09-06-14     ---     调用webservices错误,方法名：[C登录账户验证]：找不到匹配关系！

2014-09-02 09-06-15     ---     调用webservices错误,方法名：[C大盘底部统计]：找不到匹配关系！

2014-09-02 09-06-15     ---     调用webservices错误,方法名：[C登录账户验证]：找不到匹配关系！

2014-09-02 09-06-20     ---     调用webservices错误,方法名：[C大盘底部统计]：找不到匹配关系！

2014-09-02 09-06-26     ---     调用webservices错误,方法名：[C大盘底部统计]：找不到匹配关系！

2014-09-02 09-06-31     ---     调用webservices错误,方法名：[C大盘底部统计]：找不到匹配关系！

2014-09-02 09-06-36     ---     调用webservices错误,方法名：[C大盘底部统计]：找不到匹配关系！

2014-09-02 09-06-42     ---     调用webservices错误,方法名：[C大盘底部统计]：找不到匹配关系！

2014-09-02 09-06-47     ---     调用webservices错误,方法名：[C大盘底部统计]：找不到匹配关系！

2014-09-02 09-06-52     ---     调用webservices错误,方法名：[C大盘底部统计]：找不到匹配关系！

2014-09-02 09-06-58     ---     调用webservices错误,方法名：[C大盘底部统计]：找不到匹配关系！

2014-09-02 09-07-03     ---     调用webservices错误,方法名：[C大盘底部统计]：找不到匹配关系！

2014-09-02 09-07-06     ---     调用webservices错误,方法名：[C登录账户验证]：找不到匹配关系！

2014-09-02 09-07-08     ---     调用webservices错误,方法名：[C大盘底部统计]：找不到匹配关系！

2014-09-02 09-07-14     ---     调用webservices错误,方法名：[C大盘底部统计]：找不到匹配关系！

2014-09-02 09-07-19     ---     调用webservices错误,方法名：[C大盘底部统计]：找不到匹配关系！

2014-09-02 09-07-24     ---     调用webservices错误,方法名：[C大盘底部统计]：找不到匹配关系！

2014-09-02 09-08-00     ---     调用webservices错误,方法名：[C大盘底部统计]：System.NullReferenceException: 未将对象引用设置到对象的实例。
   在 FMipcClass.IPC.Call_C(DataSet dsipc, DataTable dtone, String IPCurl, DateTime dtbegin, String FF_yewuname, Object[] objCS) 位置 f:\富美开发项目\2011工作副本\平台第二版-工作副本\A_W1_Services\IPC.cs:行号 296
   在 FMipcClass.IPC.Call(String FF_yewuname, Object[] objCS) 位置 f:\富美开发项目\2011工作副本\平台第二版-工作副本\A_W1_Services\IPC.cs:行号 64
   在 客户端主程序.NewDataControl.WebServicesCenter2013.RunAtServicesBase(String MethodName, Object[] CSarr) 位置 f:\富美开发项目\2011工作副本\平台第二版-工作副本\A_W1_Services\WebServicesCenter2013.cs:行号 79

2014-09-02 09-21-29     ---     调用webservices错误,方法名：[C获得一级分类]：System.NullReferenceException: 未将对象引用设置到对象的实例。
   在 FMipcClass.IPC.Call_C(DataSet dsipc, DataTable dtone, String IPCurl, DateTime dtbegin, String FF_yewuname, Object[] objCS) 位置 f:\富美开发项目\2011工作副本\平台第二版-工作副本\A_W1_Services\IPC.cs:行号 296
   在 FMipcClass.IPC.Call(String FF_yewuname, Object[] objCS) 位置 f:\富美开发项目\2011工作副本\平台第二版-工作副本\A_W1_Services\IPC.cs:行号 64
   在 客户端主程序.NewDataControl.WebServicesCenter2013.RunAtServicesBase(String MethodName, Object[] CSarr) 位置 f:\富美开发项目\2011工作副本\平台第二版-工作副本\A_W1_Services\WebServicesCenter2013.cs:行号 79

2014-09-02 09-21-29     ---     委托回调错误：System.NullReferenceException: 未将对象引用设置到对象的实例。
   在 System.Windows.Forms.Control.MarshaledInvoke(Control caller, Delegate method, Object[] args, Boolean synchronous)
   在 System.Windows.Forms.Control.Invoke(Delegate method, Object[] args)
   在 客户端主程序.FormMainPublic.ShowThreadResult_FL(Hashtable OutPutHT) 位置 f:\富美开发项目\2011工作副本\平台第二版-工作副本\第二版客户端主程序\FormMainPublic.cs:行号 1284

2014-09-02 16-00-21     ---     委托回调错误：System.InvalidOperationException: 为自动填充列调整大小期间不能执行此操作。
   在 System.Windows.Forms.Control.MarshaledInvoke(Control caller, Delegate method, Object[] args, Boolean synchronous)
   在 System.Windows.Forms.Control.Invoke(Delegate method, Object[] args)
   在 客户端主程序.SubForm.fmNMRSP.ShowThreadResult_BeginBind(Hashtable returnHT) 位置 f:\富美开发项目\2011工作副本\平台第二版-工作副本\A_Y4_Business_SPMM\fmNMRSP.cs:行号 193

2014-09-02 16-09-14     ---     委托回调错误：System.InvalidOperationException: 为自动填充列调整大小期间不能执行此操作。
   在 System.Windows.Forms.Control.MarshaledInvoke(Control caller, Delegate method, Object[] args, Boolean synchronous)
   在 System.Windows.Forms.Control.Invoke(Delegate method, Object[] args)
   在 客户端主程序.SubForm.fmNMRSP.ShowThreadResult_BeginBind(Hashtable returnHT) 位置 f:\富美开发项目\2011工作副本\平台第二版-工作副本\A_Y4_Business_SPMM\fmNMRSP.cs:行号 193

