2013-10-10 16-06-59     ---     执行任务名称:最外层错误,开始时间:,结束时间:,执行结果:System.NullReferenceException: 未将对象引用设置到对象的实例。
   在 交易数据监控.ClassThreadRun.BeginRun_now() 位置 f:\富美开发项目\2011工作副本\平台各监控\交易数据监控\ClassThreadRun.cs:行号 39,其他描述:

2013-10-10 16-08-19     ---     执行任务名称:最外层错误,开始时间:,结束时间:,执行结果:System.NullReferenceException: 未将对象引用设置到对象的实例。
   在 交易数据监控.ClassThreadRun.BeginRun_now() 位置 f:\富美开发项目\2011工作副本\平台各监控\交易数据监控\ClassThreadRun.cs:行号 39,其他描述:

2013-10-10 16-08-45     ---     调用webservices错误,方法名：[serverRunZDQS]：System.NullReferenceException: 未将对象引用设置到对象的实例。
   在 交易数据监控.WebServicesCenter2013.RunAtServices(String MethodName, Object[] CSarr) 位置 f:\富美开发项目\2011工作副本\平台各监控\交易数据监控\WebServicesCenter2013.cs:行号 91

2013-10-10 16-08-45     ---     执行任务名称:提醒后自动签收,开始时间:2013/10/10 16:08:45,结束时间:2013/10/10 16:08:45,执行结果:System.NullReferenceException: 未将对象引用设置到对象的实例。
   在 交易数据监控.ClassThreadRun.RunS(DataRow dr) 位置 f:\富美开发项目\2011工作副本\平台各监控\交易数据监控\ClassThreadRun.cs:行号 96,其他描述:

2013-10-10 16-10-23     ---     执行任务名称:提醒后自动签收,开始时间:2013/10/10 16:10:22,结束时间:2013/10/10 16:10:23,执行结果:ok共执行了1条默认无异议收货的信息！,其他描述:

2013-10-10 16-10-33     ---     执行任务名称:提醒后自动签收,开始时间:2013/10/10 16:10:33,结束时间:2013/10/10 16:10:33,执行结果:ok未获取到需要默认无异议收货的信息！,其他描述:

2013-10-10 16-10-35     ---     执行任务名称:提醒后自动签收,开始时间:2013/10/10 16:10:34,结束时间:2013/10/10 16:10:35,执行结果:ok未获取到需要默认无异议收货的信息！,其他描述:

2013-10-10 16-10-36     ---     执行任务名称:提醒后自动签收,开始时间:2013/10/10 16:10:36,结束时间:2013/10/10 16:10:36,执行结果:ok未获取到需要默认无异议收货的信息！,其他描述:

2013-10-10 16-22-57     ---     执行任务名称:中标监控(三个月一年),开始时间:2013/10/10 16:22:56,结束时间:2013/10/10 16:22:57,执行结果:ok有中标数据产生      有商品离开冷静期,其他描述:

2013-10-10 16-22-58     ---     执行任务名称:即时交易监控,开始时间:2013/10/10 16:22:57,结束时间:2013/10/10 16:22:58,执行结果:ok,其他描述:

2013-10-10 16-22-59     ---     执行任务名称:重新生成大盘监控,开始时间:2013/10/10 16:22:58,结束时间:2013/10/10 16:22:59,执行结果:ok生成完成,其他描述:

2013-10-10 16-23-01     ---     执行任务名称:中标监控(三个月一年),开始时间:2013/10/10 16:23:01,结束时间:2013/10/10 16:23:01,执行结果:ok没有过冷静期的数据!,其他描述:

2013-10-10 16-23-01     ---     执行任务名称:即时交易监控,开始时间:2013/10/10 16:23:01,结束时间:2013/10/10 16:23:01,执行结果:ok无中标或冷静期操作执行！,其他描述:

2013-10-10 16-23-02     ---     执行任务名称:重新生成大盘监控,开始时间:2013/10/10 16:23:01,结束时间:2013/10/10 16:23:02,执行结果:ok生成完成,其他描述:

2013-10-10 16-23-14     ---     执行任务名称:提醒后自动签收,开始时间:2013/10/10 16:23:13,结束时间:2013/10/10 16:23:14,执行结果:ok未获取到需要默认无异议收货的信息！,其他描述:

2013-10-10 16-23-19     ---     执行任务名称:提醒后自动签收,开始时间:2013/10/10 16:23:19,结束时间:2013/10/10 16:23:19,执行结果:ok未获取到需要默认无异议收货的信息！,其他描述:

2013-10-10 16-23-25     ---     执行任务名称:提醒后自动签收,开始时间:2013/10/10 16:23:24,结束时间:2013/10/10 16:23:24,执行结果:ok未获取到需要默认无异议收货的信息！,其他描述:

2013-10-10 16-23-27     ---     执行任务名称:提醒后自动签收,开始时间:2013/10/10 16:23:27,结束时间:2013/10/10 16:23:27,执行结果:ok未获取到需要默认无异议收货的信息！,其他描述:

2013-10-10 16-23-28     ---     执行任务名称:提醒后自动签收,开始时间:2013/10/10 16:23:27,结束时间:2013/10/10 16:23:28,执行结果:ok未获取到需要默认无异议收货的信息！,其他描述:

2013-10-10 17-14-46     ---     执行任务名称:提醒后自动签收,开始时间:2013/10/10 17:14:39,结束时间:2013/10/10 17:14:46,执行结果:ok未获取到需要默认无异议收货的信息！,其他描述:

