2013-03-07 14-18-40     ---     委托回调错误：System.IndexOutOfRangeException: 无法找到列 22。
   在 System.Windows.Forms.Control.MarshaledInvoke(Control caller, Delegate method, Object[] args, Boolean synchronous)
   在 System.Windows.Forms.Control.Invoke(Delegate method, Object[] args)
   在 客户端主程序.FormSPinfo.ShowThreadResult(Hashtable OutPutHT) 位置 F:\富美开发项目\2011工作副本\平台-工作副本\客户端主程序\FormSPinfo.cs:行号 188

2013-03-07 14-18-43     ---     委托回调错误：System.IndexOutOfRangeException: 无法找到列 22。
   在 System.Windows.Forms.Control.MarshaledInvoke(Control caller, Delegate method, Object[] args, Boolean synchronous)
   在 System.Windows.Forms.Control.Invoke(Delegate method, Object[] args)
   在 客户端主程序.FormSPinfo.ShowThreadResult(Hashtable OutPutHT) 位置 F:\富美开发项目\2011工作副本\平台-工作副本\客户端主程序\FormSPinfo.cs:行号 188

2013-03-07 16-28-59     ---     委托回调错误：System.ArgumentOutOfRangeException: 提供的行索引超出范围。
参数名: index
   在 System.Windows.Forms.Control.MarshaledInvoke(Control caller, Delegate method, Object[] args, Boolean synchronous)
   在 System.Windows.Forms.Control.Invoke(Delegate method, Object[] args)
   在 客户端主程序.FormMainPublic.ShowThreadResult(Hashtable OutPutHT) 位置 F:\富美开发项目\2011工作副本\平台-工作副本\客户端主程序\FormMainPublic.cs:行号 462

2013-03-07 16-28-59     ---     委托回调错误：System.ArgumentOutOfRangeException: 提供的行索引超出范围。
参数名: index
   在 System.Windows.Forms.Control.MarshaledInvoke(Control caller, Delegate method, Object[] args, Boolean synchronous)
   在 System.Windows.Forms.Control.Invoke(Delegate method, Object[] args)
   在 客户端主程序.FormMainPublic.ShowThreadResult(Hashtable OutPutHT) 位置 F:\富美开发项目\2011工作副本\平台-工作副本\客户端主程序\FormMainPublic.cs:行号 462

2013-03-07 16-28-59     ---     委托回调错误：System.ArgumentOutOfRangeException: 提供的行索引超出范围。
参数名: index
   在 System.Windows.Forms.Control.MarshaledInvoke(Control caller, Delegate method, Object[] args, Boolean synchronous)
   在 System.Windows.Forms.Control.Invoke(Delegate method, Object[] args)
   在 客户端主程序.FormMainPublic.ShowThreadResult(Hashtable OutPutHT) 位置 F:\富美开发项目\2011工作副本\平台-工作副本\客户端主程序\FormMainPublic.cs:行号 462

2013-03-07 16-28-59     ---     委托回调错误：System.ArgumentOutOfRangeException: 提供的行索引超出范围。
参数名: index
   在 System.Windows.Forms.Control.MarshaledInvoke(Control caller, Delegate method, Object[] args, Boolean synchronous)
   在 System.Windows.Forms.Control.Invoke(Delegate method, Object[] args)
   在 客户端主程序.FormMainPublic.ShowThreadResult(Hashtable OutPutHT) 位置 F:\富美开发项目\2011工作副本\平台-工作副本\客户端主程序\FormMainPublic.cs:行号 462

2013-03-07 16-28-59     ---     委托回调错误：System.ArgumentOutOfRangeException: 提供的行索引超出范围。
参数名: index
   在 System.Windows.Forms.Control.MarshaledInvoke(Control caller, Delegate method, Object[] args, Boolean synchronous)
   在 System.Windows.Forms.Control.Invoke(Delegate method, Object[] args)
   在 客户端主程序.FormMainPublic.ShowThreadResult(Hashtable OutPutHT) 位置 F:\富美开发项目\2011工作副本\平台-工作副本\客户端主程序\FormMainPublic.cs:行号 462

2013-03-07 16-28-59     ---     委托回调错误：System.ArgumentOutOfRangeException: 提供的行索引超出范围。
参数名: index
   在 System.Windows.Forms.Control.MarshaledInvoke(Control caller, Delegate method, Object[] args, Boolean synchronous)
   在 System.Windows.Forms.Control.Invoke(Delegate method, Object[] args)
   在 客户端主程序.FormMainPublic.ShowThreadResult(Hashtable OutPutHT) 位置 F:\富美开发项目\2011工作副本\平台-工作副本\客户端主程序\FormMainPublic.cs:行号 462

2013-03-07 16-28-59     ---     委托回调错误：System.ArgumentOutOfRangeException: 提供的行索引超出范围。
参数名: index
   在 System.Windows.Forms.Control.MarshaledInvoke(Control caller, Delegate method, Object[] args, Boolean synchronous)
   在 System.Windows.Forms.Control.Invoke(Delegate method, Object[] args)
   在 客户端主程序.FormMainPublic.ShowThreadResult(Hashtable OutPutHT) 位置 F:\富美开发项目\2011工作副本\平台-工作副本\客户端主程序\FormMainPublic.cs:行号 462

2013-03-07 16-28-59     ---     委托回调错误：System.ArgumentOutOfRangeException: 提供的行索引超出范围。
参数名: index
   在 System.Windows.Forms.Control.MarshaledInvoke(Control caller, Delegate method, Object[] args, Boolean synchronous)
   在 System.Windows.Forms.Control.Invoke(Delegate method, Object[] args)
   在 客户端主程序.FormMainPublic.ShowThreadResult(Hashtable OutPutHT) 位置 F:\富美开发项目\2011工作副本\平台-工作副本\客户端主程序\FormMainPublic.cs:行号 462

2013-03-07 16-28-59     ---     委托回调错误：System.ArgumentOutOfRangeException: 提供的行索引超出范围。
参数名: index
   在 System.Windows.Forms.Control.MarshaledInvoke(Control caller, Delegate method, Object[] args, Boolean synchronous)
   在 System.Windows.Forms.Control.Invoke(Delegate method, Object[] args)
   在 客户端主程序.FormMainPublic.ShowThreadResult(Hashtable OutPutHT) 位置 F:\富美开发项目\2011工作副本\平台-工作副本\客户端主程序\FormMainPublic.cs:行号 462

2013-03-07 16-29-00     ---     委托回调错误：System.ArgumentOutOfRangeException: 提供的行索引超出范围。
参数名: index
   在 System.Windows.Forms.Control.MarshaledInvoke(Control caller, Delegate method, Object[] args, Boolean synchronous)
   在 System.Windows.Forms.Control.Invoke(Delegate method, Object[] args)
   在 客户端主程序.FormMainPublic.ShowThreadResult(Hashtable OutPutHT) 位置 F:\富美开发项目\2011工作副本\平台-工作副本\客户端主程序\FormMainPublic.cs:行号 462

2013-03-07 16-29-00     ---     委托回调错误：System.ArgumentOutOfRangeException: 提供的行索引超出范围。
参数名: index
   在 System.Windows.Forms.Control.MarshaledInvoke(Control caller, Delegate method, Object[] args, Boolean synchronous)
   在 System.Windows.Forms.Control.Invoke(Delegate method, Object[] args)
   在 客户端主程序.FormMainPublic.ShowThreadResult(Hashtable OutPutHT) 位置 F:\富美开发项目\2011工作副本\平台-工作副本\客户端主程序\FormMainPublic.cs:行号 462

2013-03-07 16-29-00     ---     委托回调错误：System.ArgumentOutOfRangeException: 提供的行索引超出范围。
参数名: index
   在 System.Windows.Forms.Control.MarshaledInvoke(Control caller, Delegate method, Object[] args, Boolean synchronous)
   在 System.Windows.Forms.Control.Invoke(Delegate method, Object[] args)
   在 客户端主程序.FormMainPublic.ShowThreadResult(Hashtable OutPutHT) 位置 F:\富美开发项目\2011工作副本\平台-工作副本\客户端主程序\FormMainPublic.cs:行号 462

2013-03-07 16-29-00     ---     委托回调错误：System.ArgumentOutOfRangeException: 提供的行索引超出范围。
参数名: index
   在 System.Windows.Forms.Control.MarshaledInvoke(Control caller, Delegate method, Object[] args, Boolean synchronous)
   在 System.Windows.Forms.Control.Invoke(Delegate method, Object[] args)
   在 客户端主程序.FormMainPublic.ShowThreadResult(Hashtable OutPutHT) 位置 F:\富美开发项目\2011工作副本\平台-工作副本\客户端主程序\FormMainPublic.cs:行号 462

2013-03-07 16-29-00     ---     委托回调错误：System.ArgumentOutOfRangeException: 提供的行索引超出范围。
参数名: index
   在 System.Windows.Forms.Control.MarshaledInvoke(Control caller, Delegate method, Object[] args, Boolean synchronous)
   在 System.Windows.Forms.Control.Invoke(Delegate method, Object[] args)
   在 客户端主程序.FormMainPublic.ShowThreadResult(Hashtable OutPutHT) 位置 F:\富美开发项目\2011工作副本\平台-工作副本\客户端主程序\FormMainPublic.cs:行号 462

2013-03-07 16-29-00     ---     委托回调错误：System.ArgumentOutOfRangeException: 提供的行索引超出范围。
参数名: index
   在 System.Windows.Forms.Control.MarshaledInvoke(Control caller, Delegate method, Object[] args, Boolean synchronous)
   在 System.Windows.Forms.Control.Invoke(Delegate method, Object[] args)
   在 客户端主程序.FormMainPublic.ShowThreadResult(Hashtable OutPutHT) 位置 F:\富美开发项目\2011工作副本\平台-工作副本\客户端主程序\FormMainPublic.cs:行号 462

2013-03-07 16-29-00     ---     委托回调错误：System.ArgumentOutOfRangeException: 提供的行索引超出范围。
参数名: index
   在 System.Windows.Forms.Control.MarshaledInvoke(Control caller, Delegate method, Object[] args, Boolean synchronous)
   在 System.Windows.Forms.Control.Invoke(Delegate method, Object[] args)
   在 客户端主程序.FormMainPublic.ShowThreadResult(Hashtable OutPutHT) 位置 F:\富美开发项目\2011工作副本\平台-工作副本\客户端主程序\FormMainPublic.cs:行号 462

2013-03-07 16-29-00     ---     委托回调错误：System.ArgumentOutOfRangeException: 提供的行索引超出范围。
参数名: index
   在 System.Windows.Forms.Control.MarshaledInvoke(Control caller, Delegate method, Object[] args, Boolean synchronous)
   在 System.Windows.Forms.Control.Invoke(Delegate method, Object[] args)
   在 客户端主程序.FormMainPublic.ShowThreadResult(Hashtable OutPutHT) 位置 F:\富美开发项目\2011工作副本\平台-工作副本\客户端主程序\FormMainPublic.cs:行号 462

2013-03-07 16-29-01     ---     委托回调错误：System.ArgumentOutOfRangeException: 提供的行索引超出范围。
参数名: index
   在 System.Windows.Forms.Control.MarshaledInvoke(Control caller, Delegate method, Object[] args, Boolean synchronous)
   在 System.Windows.Forms.Control.Invoke(Delegate method, Object[] args)
   在 客户端主程序.FormMainPublic.ShowThreadResult(Hashtable OutPutHT) 位置 F:\富美开发项目\2011工作副本\平台-工作副本\客户端主程序\FormMainPublic.cs:行号 462

2013-03-07 16-29-01     ---     委托回调错误：System.ArgumentOutOfRangeException: 提供的行索引超出范围。
参数名: index
   在 System.Windows.Forms.Control.MarshaledInvoke(Control caller, Delegate method, Object[] args, Boolean synchronous)
   在 System.Windows.Forms.Control.Invoke(Delegate method, Object[] args)
   在 客户端主程序.FormMainPublic.ShowThreadResult(Hashtable OutPutHT) 位置 F:\富美开发项目\2011工作副本\平台-工作副本\客户端主程序\FormMainPublic.cs:行号 462

2013-03-07 16-29-01     ---     委托回调错误：System.ArgumentOutOfRangeException: 提供的行索引超出范围。
参数名: index
   在 System.Windows.Forms.Control.MarshaledInvoke(Control caller, Delegate method, Object[] args, Boolean synchronous)
   在 System.Windows.Forms.Control.Invoke(Delegate method, Object[] args)
   在 客户端主程序.FormMainPublic.ShowThreadResult(Hashtable OutPutHT) 位置 F:\富美开发项目\2011工作副本\平台-工作副本\客户端主程序\FormMainPublic.cs:行号 462

2013-03-07 16-29-01     ---     委托回调错误：System.ArgumentOutOfRangeException: 提供的行索引超出范围。
参数名: index
   在 System.Windows.Forms.Control.MarshaledInvoke(Control caller, Delegate method, Object[] args, Boolean synchronous)
   在 System.Windows.Forms.Control.Invoke(Delegate method, Object[] args)
   在 客户端主程序.FormMainPublic.ShowThreadResult(Hashtable OutPutHT) 位置 F:\富美开发项目\2011工作副本\平台-工作副本\客户端主程序\FormMainPublic.cs:行号 462

2013-03-07 16-29-01     ---     委托回调错误：System.ArgumentOutOfRangeException: 提供的行索引超出范围。
参数名: index
   在 System.Windows.Forms.Control.MarshaledInvoke(Control caller, Delegate method, Object[] args, Boolean synchronous)
   在 System.Windows.Forms.Control.Invoke(Delegate method, Object[] args)
   在 客户端主程序.FormMainPublic.ShowThreadResult(Hashtable OutPutHT) 位置 F:\富美开发项目\2011工作副本\平台-工作副本\客户端主程序\FormMainPublic.cs:行号 462

2013-03-07 16-29-01     ---     委托回调错误：System.ArgumentOutOfRangeException: 提供的行索引超出范围。
参数名: index
   在 System.Windows.Forms.Control.MarshaledInvoke(Control caller, Delegate method, Object[] args, Boolean synchronous)
   在 System.Windows.Forms.Control.Invoke(Delegate method, Object[] args)
   在 客户端主程序.FormMainPublic.ShowThreadResult(Hashtable OutPutHT) 位置 F:\富美开发项目\2011工作副本\平台-工作副本\客户端主程序\FormMainPublic.cs:行号 462

2013-03-07 16-29-01     ---     委托回调错误：System.ArgumentOutOfRangeException: 提供的行索引超出范围。
参数名: index
   在 System.Windows.Forms.Control.MarshaledInvoke(Control caller, Delegate method, Object[] args, Boolean synchronous)
   在 System.Windows.Forms.Control.Invoke(Delegate method, Object[] args)
   在 客户端主程序.FormMainPublic.ShowThreadResult(Hashtable OutPutHT) 位置 F:\富美开发项目\2011工作副本\平台-工作副本\客户端主程序\FormMainPublic.cs:行号 462

2013-03-07 16-29-01     ---     委托回调错误：System.ArgumentOutOfRangeException: 提供的行索引超出范围。
参数名: index
   在 System.Windows.Forms.Control.MarshaledInvoke(Control caller, Delegate method, Object[] args, Boolean synchronous)
   在 System.Windows.Forms.Control.Invoke(Delegate method, Object[] args)
   在 客户端主程序.FormMainPublic.ShowThreadResult(Hashtable OutPutHT) 位置 F:\富美开发项目\2011工作副本\平台-工作副本\客户端主程序\FormMainPublic.cs:行号 462

2013-03-07 16-29-01     ---     委托回调错误：System.ArgumentOutOfRangeException: 提供的行索引超出范围。
参数名: index
   在 System.Windows.Forms.Control.MarshaledInvoke(Control caller, Delegate method, Object[] args, Boolean synchronous)
   在 System.Windows.Forms.Control.Invoke(Delegate method, Object[] args)
   在 客户端主程序.FormMainPublic.ShowThreadResult(Hashtable OutPutHT) 位置 F:\富美开发项目\2011工作副本\平台-工作副本\客户端主程序\FormMainPublic.cs:行号 462

2013-03-07 16-29-01     ---     委托回调错误：System.ArgumentOutOfRangeException: 提供的行索引超出范围。
参数名: index
   在 System.Windows.Forms.Control.MarshaledInvoke(Control caller, Delegate method, Object[] args, Boolean synchronous)
   在 System.Windows.Forms.Control.Invoke(Delegate method, Object[] args)
   在 客户端主程序.FormMainPublic.ShowThreadResult(Hashtable OutPutHT) 位置 F:\富美开发项目\2011工作副本\平台-工作副本\客户端主程序\FormMainPublic.cs:行号 462

2013-03-07 16-29-01     ---     委托回调错误：System.ArgumentOutOfRangeException: 提供的行索引超出范围。
参数名: index
   在 System.Windows.Forms.Control.MarshaledInvoke(Control caller, Delegate method, Object[] args, Boolean synchronous)
   在 System.Windows.Forms.Control.Invoke(Delegate method, Object[] args)
   在 客户端主程序.FormMainPublic.ShowThreadResult(Hashtable OutPutHT) 位置 F:\富美开发项目\2011工作副本\平台-工作副本\客户端主程序\FormMainPublic.cs:行号 462

2013-03-07 16-29-01     ---     委托回调错误：System.ArgumentOutOfRangeException: 提供的行索引超出范围。
参数名: index
   在 System.Windows.Forms.Control.MarshaledInvoke(Control caller, Delegate method, Object[] args, Boolean synchronous)
   在 System.Windows.Forms.Control.Invoke(Delegate method, Object[] args)
   在 客户端主程序.FormMainPublic.ShowThreadResult(Hashtable OutPutHT) 位置 F:\富美开发项目\2011工作副本\平台-工作副本\客户端主程序\FormMainPublic.cs:行号 462

2013-03-07 16-29-01     ---     委托回调错误：System.ArgumentOutOfRangeException: 提供的行索引超出范围。
参数名: index
   在 System.Windows.Forms.Control.MarshaledInvoke(Control caller, Delegate method, Object[] args, Boolean synchronous)
   在 System.Windows.Forms.Control.Invoke(Delegate method, Object[] args)
   在 客户端主程序.FormMainPublic.ShowThreadResult(Hashtable OutPutHT) 位置 F:\富美开发项目\2011工作副本\平台-工作副本\客户端主程序\FormMainPublic.cs:行号 462

2013-03-07 16-29-01     ---     委托回调错误：System.ArgumentOutOfRangeException: 提供的行索引超出范围。
参数名: index
   在 System.Windows.Forms.Control.MarshaledInvoke(Control caller, Delegate method, Object[] args, Boolean synchronous)
   在 System.Windows.Forms.Control.Invoke(Delegate method, Object[] args)
   在 客户端主程序.FormMainPublic.ShowThreadResult(Hashtable OutPutHT) 位置 F:\富美开发项目\2011工作副本\平台-工作副本\客户端主程序\FormMainPublic.cs:行号 462

2013-03-07 16-29-01     ---     委托回调错误：System.ArgumentOutOfRangeException: 提供的行索引超出范围。
参数名: index
   在 System.Windows.Forms.Control.MarshaledInvoke(Control caller, Delegate method, Object[] args, Boolean synchronous)
   在 System.Windows.Forms.Control.Invoke(Delegate method, Object[] args)
   在 客户端主程序.FormMainPublic.ShowThreadResult(Hashtable OutPutHT) 位置 F:\富美开发项目\2011工作副本\平台-工作副本\客户端主程序\FormMainPublic.cs:行号 462

2013-03-07 16-29-01     ---     委托回调错误：System.ArgumentOutOfRangeException: 提供的行索引超出范围。
参数名: index
   在 System.Windows.Forms.Control.MarshaledInvoke(Control caller, Delegate method, Object[] args, Boolean synchronous)
   在 System.Windows.Forms.Control.Invoke(Delegate method, Object[] args)
   在 客户端主程序.FormMainPublic.ShowThreadResult(Hashtable OutPutHT) 位置 F:\富美开发项目\2011工作副本\平台-工作副本\客户端主程序\FormMainPublic.cs:行号 462

2013-03-07 16-29-02     ---     委托回调错误：System.ArgumentOutOfRangeException: 提供的行索引超出范围。
参数名: index
   在 System.Windows.Forms.Control.MarshaledInvoke(Control caller, Delegate method, Object[] args, Boolean synchronous)
   在 System.Windows.Forms.Control.Invoke(Delegate method, Object[] args)
   在 客户端主程序.FormMainPublic.ShowThreadResult(Hashtable OutPutHT) 位置 F:\富美开发项目\2011工作副本\平台-工作副本\客户端主程序\FormMainPublic.cs:行号 462

2013-03-07 16-29-02     ---     委托回调错误：System.ArgumentOutOfRangeException: 提供的行索引超出范围。
参数名: index
   在 System.Windows.Forms.Control.MarshaledInvoke(Control caller, Delegate method, Object[] args, Boolean synchronous)
   在 System.Windows.Forms.Control.Invoke(Delegate method, Object[] args)
   在 客户端主程序.FormMainPublic.ShowThreadResult(Hashtable OutPutHT) 位置 F:\富美开发项目\2011工作副本\平台-工作副本\客户端主程序\FormMainPublic.cs:行号 462

2013-03-07 16-29-02     ---     委托回调错误：System.ArgumentOutOfRangeException: 提供的行索引超出范围。
参数名: index
   在 System.Windows.Forms.Control.MarshaledInvoke(Control caller, Delegate method, Object[] args, Boolean synchronous)
   在 System.Windows.Forms.Control.Invoke(Delegate method, Object[] args)
   在 客户端主程序.FormMainPublic.ShowThreadResult(Hashtable OutPutHT) 位置 F:\富美开发项目\2011工作副本\平台-工作副本\客户端主程序\FormMainPublic.cs:行号 462

2013-03-07 16-29-02     ---     委托回调错误：System.ArgumentOutOfRangeException: 提供的行索引超出范围。
参数名: index
   在 System.Windows.Forms.Control.MarshaledInvoke(Control caller, Delegate method, Object[] args, Boolean synchronous)
   在 System.Windows.Forms.Control.Invoke(Delegate method, Object[] args)
   在 客户端主程序.FormMainPublic.ShowThreadResult(Hashtable OutPutHT) 位置 F:\富美开发项目\2011工作副本\平台-工作副本\客户端主程序\FormMainPublic.cs:行号 462

2013-03-07 16-29-02     ---     委托回调错误：System.ArgumentOutOfRangeException: 提供的行索引超出范围。
参数名: index
   在 System.Windows.Forms.Control.MarshaledInvoke(Control caller, Delegate method, Object[] args, Boolean synchronous)
   在 System.Windows.Forms.Control.Invoke(Delegate method, Object[] args)
   在 客户端主程序.FormMainPublic.ShowThreadResult(Hashtable OutPutHT) 位置 F:\富美开发项目\2011工作副本\平台-工作副本\客户端主程序\FormMainPublic.cs:行号 462

2013-03-07 16-29-02     ---     委托回调错误：System.ArgumentOutOfRangeException: 提供的行索引超出范围。
参数名: index
   在 System.Windows.Forms.Control.MarshaledInvoke(Control caller, Delegate method, Object[] args, Boolean synchronous)
   在 System.Windows.Forms.Control.Invoke(Delegate method, Object[] args)
   在 客户端主程序.FormMainPublic.ShowThreadResult(Hashtable OutPutHT) 位置 F:\富美开发项目\2011工作副本\平台-工作副本\客户端主程序\FormMainPublic.cs:行号 462

2013-03-07 16-29-02     ---     委托回调错误：System.ArgumentOutOfRangeException: 提供的行索引超出范围。
参数名: index
   在 System.Windows.Forms.Control.MarshaledInvoke(Control caller, Delegate method, Object[] args, Boolean synchronous)
   在 System.Windows.Forms.Control.Invoke(Delegate method, Object[] args)
   在 客户端主程序.FormMainPublic.ShowThreadResult(Hashtable OutPutHT) 位置 F:\富美开发项目\2011工作副本\平台-工作副本\客户端主程序\FormMainPublic.cs:行号 462

2013-03-07 16-29-02     ---     委托回调错误：System.ArgumentOutOfRangeException: 提供的行索引超出范围。
参数名: index
   在 System.Windows.Forms.Control.MarshaledInvoke(Control caller, Delegate method, Object[] args, Boolean synchronous)
   在 System.Windows.Forms.Control.Invoke(Delegate method, Object[] args)
   在 客户端主程序.FormMainPublic.ShowThreadResult(Hashtable OutPutHT) 位置 F:\富美开发项目\2011工作副本\平台-工作副本\客户端主程序\FormMainPublic.cs:行号 462

2013-03-07 16-29-02     ---     委托回调错误：System.ArgumentOutOfRangeException: 提供的行索引超出范围。
参数名: index
   在 System.Windows.Forms.Control.MarshaledInvoke(Control caller, Delegate method, Object[] args, Boolean synchronous)
   在 System.Windows.Forms.Control.Invoke(Delegate method, Object[] args)
   在 客户端主程序.FormMainPublic.ShowThreadResult(Hashtable OutPutHT) 位置 F:\富美开发项目\2011工作副本\平台-工作副本\客户端主程序\FormMainPublic.cs:行号 462

2013-03-07 16-29-02     ---     委托回调错误：System.ArgumentOutOfRangeException: 提供的行索引超出范围。
参数名: index
   在 System.Windows.Forms.Control.MarshaledInvoke(Control caller, Delegate method, Object[] args, Boolean synchronous)
   在 System.Windows.Forms.Control.Invoke(Delegate method, Object[] args)
   在 客户端主程序.FormMainPublic.ShowThreadResult(Hashtable OutPutHT) 位置 F:\富美开发项目\2011工作副本\平台-工作副本\客户端主程序\FormMainPublic.cs:行号 462

2013-03-07 16-29-02     ---     委托回调错误：System.ArgumentOutOfRangeException: 提供的行索引超出范围。
参数名: index
   在 System.Windows.Forms.Control.MarshaledInvoke(Control caller, Delegate method, Object[] args, Boolean synchronous)
   在 System.Windows.Forms.Control.Invoke(Delegate method, Object[] args)
   在 客户端主程序.FormMainPublic.ShowThreadResult(Hashtable OutPutHT) 位置 F:\富美开发项目\2011工作副本\平台-工作副本\客户端主程序\FormMainPublic.cs:行号 462

2013-03-07 16-29-02     ---     委托回调错误：System.ArgumentOutOfRangeException: 提供的行索引超出范围。
参数名: index
   在 System.Windows.Forms.Control.MarshaledInvoke(Control caller, Delegate method, Object[] args, Boolean synchronous)
   在 System.Windows.Forms.Control.Invoke(Delegate method, Object[] args)
   在 客户端主程序.FormMainPublic.ShowThreadResult(Hashtable OutPutHT) 位置 F:\富美开发项目\2011工作副本\平台-工作副本\客户端主程序\FormMainPublic.cs:行号 462

2013-03-07 16-29-02     ---     委托回调错误：System.ArgumentOutOfRangeException: 提供的行索引超出范围。
参数名: index
   在 System.Windows.Forms.Control.MarshaledInvoke(Control caller, Delegate method, Object[] args, Boolean synchronous)
   在 System.Windows.Forms.Control.Invoke(Delegate method, Object[] args)
   在 客户端主程序.FormMainPublic.ShowThreadResult(Hashtable OutPutHT) 位置 F:\富美开发项目\2011工作副本\平台-工作副本\客户端主程序\FormMainPublic.cs:行号 462

2013-03-07 16-29-03     ---     委托回调错误：System.ArgumentOutOfRangeException: 提供的行索引超出范围。
参数名: index
   在 System.Windows.Forms.Control.MarshaledInvoke(Control caller, Delegate method, Object[] args, Boolean synchronous)
   在 System.Windows.Forms.Control.Invoke(Delegate method, Object[] args)
   在 客户端主程序.FormMainPublic.ShowThreadResult(Hashtable OutPutHT) 位置 F:\富美开发项目\2011工作副本\平台-工作副本\客户端主程序\FormMainPublic.cs:行号 462

2013-03-07 16-29-03     ---     委托回调错误：System.ArgumentOutOfRangeException: 提供的行索引超出范围。
参数名: index
   在 System.Windows.Forms.Control.MarshaledInvoke(Control caller, Delegate method, Object[] args, Boolean synchronous)
   在 System.Windows.Forms.Control.Invoke(Delegate method, Object[] args)
   在 客户端主程序.FormMainPublic.ShowThreadResult(Hashtable OutPutHT) 位置 F:\富美开发项目\2011工作副本\平台-工作副本\客户端主程序\FormMainPublic.cs:行号 462

2013-03-07 16-29-03     ---     委托回调错误：System.ArgumentOutOfRangeException: 提供的行索引超出范围。
参数名: index
   在 System.Windows.Forms.Control.MarshaledInvoke(Control caller, Delegate method, Object[] args, Boolean synchronous)
   在 System.Windows.Forms.Control.Invoke(Delegate method, Object[] args)
   在 客户端主程序.FormMainPublic.ShowThreadResult(Hashtable OutPutHT) 位置 F:\富美开发项目\2011工作副本\平台-工作副本\客户端主程序\FormMainPublic.cs:行号 462

2013-03-07 16-29-03     ---     委托回调错误：System.ArgumentOutOfRangeException: 提供的行索引超出范围。
参数名: index
   在 System.Windows.Forms.Control.MarshaledInvoke(Control caller, Delegate method, Object[] args, Boolean synchronous)
   在 System.Windows.Forms.Control.Invoke(Delegate method, Object[] args)
   在 客户端主程序.FormMainPublic.ShowThreadResult(Hashtable OutPutHT) 位置 F:\富美开发项目\2011工作副本\平台-工作副本\客户端主程序\FormMainPublic.cs:行号 462

2013-03-07 16-29-03     ---     委托回调错误：System.ArgumentOutOfRangeException: 提供的行索引超出范围。
参数名: index
   在 System.Windows.Forms.Control.MarshaledInvoke(Control caller, Delegate method, Object[] args, Boolean synchronous)
   在 System.Windows.Forms.Control.Invoke(Delegate method, Object[] args)
   在 客户端主程序.FormMainPublic.ShowThreadResult(Hashtable OutPutHT) 位置 F:\富美开发项目\2011工作副本\平台-工作副本\客户端主程序\FormMainPublic.cs:行号 462

2013-03-07 16-29-03     ---     委托回调错误：System.ArgumentOutOfRangeException: 提供的行索引超出范围。
参数名: index
   在 System.Windows.Forms.Control.MarshaledInvoke(Control caller, Delegate method, Object[] args, Boolean synchronous)
   在 System.Windows.Forms.Control.Invoke(Delegate method, Object[] args)
   在 客户端主程序.FormMainPublic.ShowThreadResult(Hashtable OutPutHT) 位置 F:\富美开发项目\2011工作副本\平台-工作副本\客户端主程序\FormMainPublic.cs:行号 462

2013-03-07 16-29-03     ---     委托回调错误：System.ArgumentOutOfRangeException: 提供的行索引超出范围。
参数名: index
   在 System.Windows.Forms.Control.MarshaledInvoke(Control caller, Delegate method, Object[] args, Boolean synchronous)
   在 System.Windows.Forms.Control.Invoke(Delegate method, Object[] args)
   在 客户端主程序.FormMainPublic.ShowThreadResult(Hashtable OutPutHT) 位置 F:\富美开发项目\2011工作副本\平台-工作副本\客户端主程序\FormMainPublic.cs:行号 462

2013-03-07 16-29-03     ---     委托回调错误：System.ArgumentOutOfRangeException: 提供的行索引超出范围。
参数名: index
   在 System.Windows.Forms.Control.MarshaledInvoke(Control caller, Delegate method, Object[] args, Boolean synchronous)
   在 System.Windows.Forms.Control.Invoke(Delegate method, Object[] args)
   在 客户端主程序.FormMainPublic.ShowThreadResult(Hashtable OutPutHT) 位置 F:\富美开发项目\2011工作副本\平台-工作副本\客户端主程序\FormMainPublic.cs:行号 462

2013-03-07 16-29-03     ---     委托回调错误：System.ArgumentOutOfRangeException: 提供的行索引超出范围。
参数名: index
   在 System.Windows.Forms.Control.MarshaledInvoke(Control caller, Delegate method, Object[] args, Boolean synchronous)
   在 System.Windows.Forms.Control.Invoke(Delegate method, Object[] args)
   在 客户端主程序.FormMainPublic.ShowThreadResult(Hashtable OutPutHT) 位置 F:\富美开发项目\2011工作副本\平台-工作副本\客户端主程序\FormMainPublic.cs:行号 462

2013-03-07 16-29-03     ---     委托回调错误：System.ArgumentOutOfRangeException: 提供的行索引超出范围。
参数名: index
   在 System.Windows.Forms.Control.MarshaledInvoke(Control caller, Delegate method, Object[] args, Boolean synchronous)
   在 System.Windows.Forms.Control.Invoke(Delegate method, Object[] args)
   在 客户端主程序.FormMainPublic.ShowThreadResult(Hashtable OutPutHT) 位置 F:\富美开发项目\2011工作副本\平台-工作副本\客户端主程序\FormMainPublic.cs:行号 462

2013-03-07 16-29-03     ---     委托回调错误：System.ArgumentOutOfRangeException: 提供的行索引超出范围。
参数名: index
   在 System.Windows.Forms.Control.MarshaledInvoke(Control caller, Delegate method, Object[] args, Boolean synchronous)
   在 System.Windows.Forms.Control.Invoke(Delegate method, Object[] args)
   在 客户端主程序.FormMainPublic.ShowThreadResult(Hashtable OutPutHT) 位置 F:\富美开发项目\2011工作副本\平台-工作副本\客户端主程序\FormMainPublic.cs:行号 462

2013-03-07 16-29-03     ---     委托回调错误：System.ArgumentOutOfRangeException: 提供的行索引超出范围。
参数名: index
   在 System.Windows.Forms.Control.MarshaledInvoke(Control caller, Delegate method, Object[] args, Boolean synchronous)
   在 System.Windows.Forms.Control.Invoke(Delegate method, Object[] args)
   在 客户端主程序.FormMainPublic.ShowThreadResult(Hashtable OutPutHT) 位置 F:\富美开发项目\2011工作副本\平台-工作副本\客户端主程序\FormMainPublic.cs:行号 462

2013-03-07 16-29-03     ---     委托回调错误：System.ArgumentOutOfRangeException: 提供的行索引超出范围。
参数名: index
   在 System.Windows.Forms.Control.MarshaledInvoke(Control caller, Delegate method, Object[] args, Boolean synchronous)
   在 System.Windows.Forms.Control.Invoke(Delegate method, Object[] args)
   在 客户端主程序.FormMainPublic.ShowThreadResult(Hashtable OutPutHT) 位置 F:\富美开发项目\2011工作副本\平台-工作副本\客户端主程序\FormMainPublic.cs:行号 462

2013-03-07 16-29-03     ---     委托回调错误：System.ArgumentOutOfRangeException: 提供的行索引超出范围。
参数名: index
   在 System.Windows.Forms.Control.MarshaledInvoke(Control caller, Delegate method, Object[] args, Boolean synchronous)
   在 System.Windows.Forms.Control.Invoke(Delegate method, Object[] args)
   在 客户端主程序.FormMainPublic.ShowThreadResult(Hashtable OutPutHT) 位置 F:\富美开发项目\2011工作副本\平台-工作副本\客户端主程序\FormMainPublic.cs:行号 462

2013-03-07 16-29-03     ---     委托回调错误：System.ArgumentOutOfRangeException: 提供的行索引超出范围。
参数名: index
   在 System.Windows.Forms.Control.MarshaledInvoke(Control caller, Delegate method, Object[] args, Boolean synchronous)
   在 System.Windows.Forms.Control.Invoke(Delegate method, Object[] args)
   在 客户端主程序.FormMainPublic.ShowThreadResult(Hashtable OutPutHT) 位置 F:\富美开发项目\2011工作副本\平台-工作副本\客户端主程序\FormMainPublic.cs:行号 462

2013-03-07 16-29-03     ---     委托回调错误：System.ArgumentOutOfRangeException: 提供的行索引超出范围。
参数名: index
   在 System.Windows.Forms.Control.MarshaledInvoke(Control caller, Delegate method, Object[] args, Boolean synchronous)
   在 System.Windows.Forms.Control.Invoke(Delegate method, Object[] args)
   在 客户端主程序.FormMainPublic.ShowThreadResult(Hashtable OutPutHT) 位置 F:\富美开发项目\2011工作副本\平台-工作副本\客户端主程序\FormMainPublic.cs:行号 462

2013-03-07 16-29-03     ---     委托回调错误：System.ArgumentOutOfRangeException: 提供的行索引超出范围。
参数名: index
   在 System.Windows.Forms.Control.MarshaledInvoke(Control caller, Delegate method, Object[] args, Boolean synchronous)
   在 System.Windows.Forms.Control.Invoke(Delegate method, Object[] args)
   在 客户端主程序.FormMainPublic.ShowThreadResult(Hashtable OutPutHT) 位置 F:\富美开发项目\2011工作副本\平台-工作副本\客户端主程序\FormMainPublic.cs:行号 462

2013-03-07 16-29-03     ---     委托回调错误：System.ArgumentOutOfRangeException: 提供的行索引超出范围。
参数名: index
   在 System.Windows.Forms.Control.MarshaledInvoke(Control caller, Delegate method, Object[] args, Boolean synchronous)
   在 System.Windows.Forms.Control.Invoke(Delegate method, Object[] args)
   在 客户端主程序.FormMainPublic.ShowThreadResult(Hashtable OutPutHT) 位置 F:\富美开发项目\2011工作副本\平台-工作副本\客户端主程序\FormMainPublic.cs:行号 462

2013-03-07 16-29-03     ---     委托回调错误：System.ArgumentOutOfRangeException: 提供的行索引超出范围。
参数名: index
   在 System.Windows.Forms.Control.MarshaledInvoke(Control caller, Delegate method, Object[] args, Boolean synchronous)
   在 System.Windows.Forms.Control.Invoke(Delegate method, Object[] args)
   在 客户端主程序.FormMainPublic.ShowThreadResult(Hashtable OutPutHT) 位置 F:\富美开发项目\2011工作副本\平台-工作副本\客户端主程序\FormMainPublic.cs:行号 462

2013-03-07 16-29-03     ---     委托回调错误：System.ArgumentOutOfRangeException: 提供的行索引超出范围。
参数名: index
   在 System.Windows.Forms.Control.MarshaledInvoke(Control caller, Delegate method, Object[] args, Boolean synchronous)
   在 System.Windows.Forms.Control.Invoke(Delegate method, Object[] args)
   在 客户端主程序.FormMainPublic.ShowThreadResult(Hashtable OutPutHT) 位置 F:\富美开发项目\2011工作副本\平台-工作副本\客户端主程序\FormMainPublic.cs:行号 462

2013-03-07 16-29-03     ---     委托回调错误：System.ArgumentOutOfRangeException: 提供的行索引超出范围。
参数名: index
   在 System.Windows.Forms.Control.MarshaledInvoke(Control caller, Delegate method, Object[] args, Boolean synchronous)
   在 System.Windows.Forms.Control.Invoke(Delegate method, Object[] args)
   在 客户端主程序.FormMainPublic.ShowThreadResult(Hashtable OutPutHT) 位置 F:\富美开发项目\2011工作副本\平台-工作副本\客户端主程序\FormMainPublic.cs:行号 462

2013-03-07 16-29-03     ---     委托回调错误：System.ArgumentOutOfRangeException: 提供的行索引超出范围。
参数名: index
   在 System.Windows.Forms.Control.MarshaledInvoke(Control caller, Delegate method, Object[] args, Boolean synchronous)
   在 System.Windows.Forms.Control.Invoke(Delegate method, Object[] args)
   在 客户端主程序.FormMainPublic.ShowThreadResult(Hashtable OutPutHT) 位置 F:\富美开发项目\2011工作副本\平台-工作副本\客户端主程序\FormMainPublic.cs:行号 462

2013-03-07 16-29-03     ---     委托回调错误：System.ArgumentOutOfRangeException: 提供的行索引超出范围。
参数名: index
   在 System.Windows.Forms.Control.MarshaledInvoke(Control caller, Delegate method, Object[] args, Boolean synchronous)
   在 System.Windows.Forms.Control.Invoke(Delegate method, Object[] args)
   在 客户端主程序.FormMainPublic.ShowThreadResult(Hashtable OutPutHT) 位置 F:\富美开发项目\2011工作副本\平台-工作副本\客户端主程序\FormMainPublic.cs:行号 462

2013-03-07 16-29-04     ---     委托回调错误：System.ArgumentOutOfRangeException: 提供的行索引超出范围。
参数名: index
   在 System.Windows.Forms.Control.MarshaledInvoke(Control caller, Delegate method, Object[] args, Boolean synchronous)
   在 System.Windows.Forms.Control.Invoke(Delegate method, Object[] args)
   在 客户端主程序.FormMainPublic.ShowThreadResult(Hashtable OutPutHT) 位置 F:\富美开发项目\2011工作副本\平台-工作副本\客户端主程序\FormMainPublic.cs:行号 462

2013-03-07 16-29-04     ---     委托回调错误：System.ArgumentOutOfRangeException: 提供的行索引超出范围。
参数名: index
   在 System.Windows.Forms.Control.MarshaledInvoke(Control caller, Delegate method, Object[] args, Boolean synchronous)
   在 System.Windows.Forms.Control.Invoke(Delegate method, Object[] args)
   在 客户端主程序.FormMainPublic.ShowThreadResult(Hashtable OutPutHT) 位置 F:\富美开发项目\2011工作副本\平台-工作副本\客户端主程序\FormMainPublic.cs:行号 462

2013-03-07 16-29-04     ---     委托回调错误：System.ArgumentOutOfRangeException: 提供的行索引超出范围。
参数名: index
   在 System.Windows.Forms.Control.MarshaledInvoke(Control caller, Delegate method, Object[] args, Boolean synchronous)
   在 System.Windows.Forms.Control.Invoke(Delegate method, Object[] args)
   在 客户端主程序.FormMainPublic.ShowThreadResult(Hashtable OutPutHT) 位置 F:\富美开发项目\2011工作副本\平台-工作副本\客户端主程序\FormMainPublic.cs:行号 462

2013-03-07 16-29-04     ---     委托回调错误：System.ArgumentOutOfRangeException: 提供的行索引超出范围。
参数名: index
   在 System.Windows.Forms.Control.MarshaledInvoke(Control caller, Delegate method, Object[] args, Boolean synchronous)
   在 System.Windows.Forms.Control.Invoke(Delegate method, Object[] args)
   在 客户端主程序.FormMainPublic.ShowThreadResult(Hashtable OutPutHT) 位置 F:\富美开发项目\2011工作副本\平台-工作副本\客户端主程序\FormMainPublic.cs:行号 462

2013-03-07 16-29-04     ---     委托回调错误：System.ArgumentOutOfRangeException: 提供的行索引超出范围。
参数名: index
   在 System.Windows.Forms.Control.MarshaledInvoke(Control caller, Delegate method, Object[] args, Boolean synchronous)
   在 System.Windows.Forms.Control.Invoke(Delegate method, Object[] args)
   在 客户端主程序.FormMainPublic.ShowThreadResult(Hashtable OutPutHT) 位置 F:\富美开发项目\2011工作副本\平台-工作副本\客户端主程序\FormMainPublic.cs:行号 462

2013-03-07 16-29-04     ---     委托回调错误：System.ArgumentOutOfRangeException: 提供的行索引超出范围。
参数名: index
   在 System.Windows.Forms.Control.MarshaledInvoke(Control caller, Delegate method, Object[] args, Boolean synchronous)
   在 System.Windows.Forms.Control.Invoke(Delegate method, Object[] args)
   在 客户端主程序.FormMainPublic.ShowThreadResult(Hashtable OutPutHT) 位置 F:\富美开发项目\2011工作副本\平台-工作副本\客户端主程序\FormMainPublic.cs:行号 462

2013-03-07 16-29-04     ---     委托回调错误：System.ArgumentOutOfRangeException: 提供的行索引超出范围。
参数名: index
   在 System.Windows.Forms.Control.MarshaledInvoke(Control caller, Delegate method, Object[] args, Boolean synchronous)
   在 System.Windows.Forms.Control.Invoke(Delegate method, Object[] args)
   在 客户端主程序.FormMainPublic.ShowThreadResult(Hashtable OutPutHT) 位置 F:\富美开发项目\2011工作副本\平台-工作副本\客户端主程序\FormMainPublic.cs:行号 462

2013-03-07 16-29-04     ---     委托回调错误：System.ArgumentOutOfRangeException: 提供的行索引超出范围。
参数名: index
   在 System.Windows.Forms.Control.MarshaledInvoke(Control caller, Delegate method, Object[] args, Boolean synchronous)
   在 System.Windows.Forms.Control.Invoke(Delegate method, Object[] args)
   在 客户端主程序.FormMainPublic.ShowThreadResult(Hashtable OutPutHT) 位置 F:\富美开发项目\2011工作副本\平台-工作副本\客户端主程序\FormMainPublic.cs:行号 462

2013-03-07 16-29-04     ---     委托回调错误：System.ArgumentOutOfRangeException: 提供的行索引超出范围。
参数名: index
   在 System.Windows.Forms.Control.MarshaledInvoke(Control caller, Delegate method, Object[] args, Boolean synchronous)
   在 System.Windows.Forms.Control.Invoke(Delegate method, Object[] args)
   在 客户端主程序.FormMainPublic.ShowThreadResult(Hashtable OutPutHT) 位置 F:\富美开发项目\2011工作副本\平台-工作副本\客户端主程序\FormMainPublic.cs:行号 462

2013-03-07 16-29-04     ---     委托回调错误：System.ArgumentOutOfRangeException: 提供的行索引超出范围。
参数名: index
   在 System.Windows.Forms.Control.MarshaledInvoke(Control caller, Delegate method, Object[] args, Boolean synchronous)
   在 System.Windows.Forms.Control.Invoke(Delegate method, Object[] args)
   在 客户端主程序.FormMainPublic.ShowThreadResult(Hashtable OutPutHT) 位置 F:\富美开发项目\2011工作副本\平台-工作副本\客户端主程序\FormMainPublic.cs:行号 462

2013-03-07 16-29-04     ---     委托回调错误：System.ArgumentOutOfRangeException: 提供的行索引超出范围。
参数名: index
   在 System.Windows.Forms.Control.MarshaledInvoke(Control caller, Delegate method, Object[] args, Boolean synchronous)
   在 System.Windows.Forms.Control.Invoke(Delegate method, Object[] args)
   在 客户端主程序.FormMainPublic.ShowThreadResult(Hashtable OutPutHT) 位置 F:\富美开发项目\2011工作副本\平台-工作副本\客户端主程序\FormMainPublic.cs:行号 462

2013-03-07 16-29-04     ---     委托回调错误：System.ArgumentOutOfRangeException: 提供的行索引超出范围。
参数名: index
   在 System.Windows.Forms.Control.MarshaledInvoke(Control caller, Delegate method, Object[] args, Boolean synchronous)
   在 System.Windows.Forms.Control.Invoke(Delegate method, Object[] args)
   在 客户端主程序.FormMainPublic.ShowThreadResult(Hashtable OutPutHT) 位置 F:\富美开发项目\2011工作副本\平台-工作副本\客户端主程序\FormMainPublic.cs:行号 462

2013-03-07 16-29-04     ---     委托回调错误：System.ArgumentOutOfRangeException: 提供的行索引超出范围。
参数名: index
   在 System.Windows.Forms.Control.MarshaledInvoke(Control caller, Delegate method, Object[] args, Boolean synchronous)
   在 System.Windows.Forms.Control.Invoke(Delegate method, Object[] args)
   在 客户端主程序.FormMainPublic.ShowThreadResult(Hashtable OutPutHT) 位置 F:\富美开发项目\2011工作副本\平台-工作副本\客户端主程序\FormMainPublic.cs:行号 462

2013-03-07 16-29-04     ---     委托回调错误：System.ArgumentOutOfRangeException: 提供的行索引超出范围。
参数名: index
   在 System.Windows.Forms.Control.MarshaledInvoke(Control caller, Delegate method, Object[] args, Boolean synchronous)
   在 System.Windows.Forms.Control.Invoke(Delegate method, Object[] args)
   在 客户端主程序.FormMainPublic.ShowThreadResult(Hashtable OutPutHT) 位置 F:\富美开发项目\2011工作副本\平台-工作副本\客户端主程序\FormMainPublic.cs:行号 462

2013-03-07 16-29-04     ---     委托回调错误：System.ArgumentOutOfRangeException: 提供的行索引超出范围。
参数名: index
   在 System.Windows.Forms.Control.MarshaledInvoke(Control caller, Delegate method, Object[] args, Boolean synchronous)
   在 System.Windows.Forms.Control.Invoke(Delegate method, Object[] args)
   在 客户端主程序.FormMainPublic.ShowThreadResult(Hashtable OutPutHT) 位置 F:\富美开发项目\2011工作副本\平台-工作副本\客户端主程序\FormMainPublic.cs:行号 462

2013-03-07 16-29-04     ---     委托回调错误：System.ArgumentOutOfRangeException: 提供的行索引超出范围。
参数名: index
   在 System.Windows.Forms.Control.MarshaledInvoke(Control caller, Delegate method, Object[] args, Boolean synchronous)
   在 System.Windows.Forms.Control.Invoke(Delegate method, Object[] args)
   在 客户端主程序.FormMainPublic.ShowThreadResult(Hashtable OutPutHT) 位置 F:\富美开发项目\2011工作副本\平台-工作副本\客户端主程序\FormMainPublic.cs:行号 462

2013-03-07 16-29-04     ---     委托回调错误：System.ArgumentOutOfRangeException: 提供的行索引超出范围。
参数名: index
   在 System.Windows.Forms.Control.MarshaledInvoke(Control caller, Delegate method, Object[] args, Boolean synchronous)
   在 System.Windows.Forms.Control.Invoke(Delegate method, Object[] args)
   在 客户端主程序.FormMainPublic.ShowThreadResult(Hashtable OutPutHT) 位置 F:\富美开发项目\2011工作副本\平台-工作副本\客户端主程序\FormMainPublic.cs:行号 462

2013-03-07 16-29-04     ---     委托回调错误：System.ArgumentOutOfRangeException: 提供的行索引超出范围。
参数名: index
   在 System.Windows.Forms.Control.MarshaledInvoke(Control caller, Delegate method, Object[] args, Boolean synchronous)
   在 System.Windows.Forms.Control.Invoke(Delegate method, Object[] args)
   在 客户端主程序.FormMainPublic.ShowThreadResult(Hashtable OutPutHT) 位置 F:\富美开发项目\2011工作副本\平台-工作副本\客户端主程序\FormMainPublic.cs:行号 462

2013-03-07 16-29-04     ---     委托回调错误：System.ArgumentOutOfRangeException: 提供的行索引超出范围。
参数名: index
   在 System.Windows.Forms.Control.MarshaledInvoke(Control caller, Delegate method, Object[] args, Boolean synchronous)
   在 System.Windows.Forms.Control.Invoke(Delegate method, Object[] args)
   在 客户端主程序.FormMainPublic.ShowThreadResult(Hashtable OutPutHT) 位置 F:\富美开发项目\2011工作副本\平台-工作副本\客户端主程序\FormMainPublic.cs:行号 462

2013-03-07 16-29-04     ---     委托回调错误：System.ArgumentOutOfRangeException: 提供的行索引超出范围。
参数名: index
   在 System.Windows.Forms.Control.MarshaledInvoke(Control caller, Delegate method, Object[] args, Boolean synchronous)
   在 System.Windows.Forms.Control.Invoke(Delegate method, Object[] args)
   在 客户端主程序.FormMainPublic.ShowThreadResult(Hashtable OutPutHT) 位置 F:\富美开发项目\2011工作副本\平台-工作副本\客户端主程序\FormMainPublic.cs:行号 462

2013-03-07 16-29-04     ---     委托回调错误：System.ArgumentOutOfRangeException: 提供的行索引超出范围。
参数名: index
   在 System.Windows.Forms.Control.MarshaledInvoke(Control caller, Delegate method, Object[] args, Boolean synchronous)
   在 System.Windows.Forms.Control.Invoke(Delegate method, Object[] args)
   在 客户端主程序.FormMainPublic.ShowThreadResult(Hashtable OutPutHT) 位置 F:\富美开发项目\2011工作副本\平台-工作副本\客户端主程序\FormMainPublic.cs:行号 462

2013-03-07 16-29-04     ---     委托回调错误：System.ArgumentOutOfRangeException: 提供的行索引超出范围。
参数名: index
   在 System.Windows.Forms.Control.MarshaledInvoke(Control caller, Delegate method, Object[] args, Boolean synchronous)
   在 System.Windows.Forms.Control.Invoke(Delegate method, Object[] args)
   在 客户端主程序.FormMainPublic.ShowThreadResult(Hashtable OutPutHT) 位置 F:\富美开发项目\2011工作副本\平台-工作副本\客户端主程序\FormMainPublic.cs:行号 462

2013-03-07 16-29-04     ---     委托回调错误：System.ArgumentOutOfRangeException: 提供的行索引超出范围。
参数名: index
   在 System.Windows.Forms.Control.MarshaledInvoke(Control caller, Delegate method, Object[] args, Boolean synchronous)
   在 System.Windows.Forms.Control.Invoke(Delegate method, Object[] args)
   在 客户端主程序.FormMainPublic.ShowThreadResult(Hashtable OutPutHT) 位置 F:\富美开发项目\2011工作副本\平台-工作副本\客户端主程序\FormMainPublic.cs:行号 462

2013-03-07 16-29-04     ---     委托回调错误：System.ArgumentOutOfRangeException: 提供的行索引超出范围。
参数名: index
   在 System.Windows.Forms.Control.MarshaledInvoke(Control caller, Delegate method, Object[] args, Boolean synchronous)
   在 System.Windows.Forms.Control.Invoke(Delegate method, Object[] args)
   在 客户端主程序.FormMainPublic.ShowThreadResult(Hashtable OutPutHT) 位置 F:\富美开发项目\2011工作副本\平台-工作副本\客户端主程序\FormMainPublic.cs:行号 462

2013-03-07 16-29-04     ---     委托回调错误：System.ArgumentOutOfRangeException: 提供的行索引超出范围。
参数名: index
   在 System.Windows.Forms.Control.MarshaledInvoke(Control caller, Delegate method, Object[] args, Boolean synchronous)
   在 System.Windows.Forms.Control.Invoke(Delegate method, Object[] args)
   在 客户端主程序.FormMainPublic.ShowThreadResult(Hashtable OutPutHT) 位置 F:\富美开发项目\2011工作副本\平台-工作副本\客户端主程序\FormMainPublic.cs:行号 462

2013-03-07 16-29-04     ---     委托回调错误：System.ArgumentOutOfRangeException: 提供的行索引超出范围。
参数名: index
   在 System.Windows.Forms.Control.MarshaledInvoke(Control caller, Delegate method, Object[] args, Boolean synchronous)
   在 System.Windows.Forms.Control.Invoke(Delegate method, Object[] args)
   在 客户端主程序.FormMainPublic.ShowThreadResult(Hashtable OutPutHT) 位置 F:\富美开发项目\2011工作副本\平台-工作副本\客户端主程序\FormMainPublic.cs:行号 462

2013-03-07 16-29-04     ---     委托回调错误：System.ArgumentOutOfRangeException: 提供的行索引超出范围。
参数名: index
   在 System.Windows.Forms.Control.MarshaledInvoke(Control caller, Delegate method, Object[] args, Boolean synchronous)
   在 System.Windows.Forms.Control.Invoke(Delegate method, Object[] args)
   在 客户端主程序.FormMainPublic.ShowThreadResult(Hashtable OutPutHT) 位置 F:\富美开发项目\2011工作副本\平台-工作副本\客户端主程序\FormMainPublic.cs:行号 462

2013-03-07 16-29-04     ---     委托回调错误：System.ArgumentOutOfRangeException: 提供的行索引超出范围。
参数名: index
   在 System.Windows.Forms.Control.MarshaledInvoke(Control caller, Delegate method, Object[] args, Boolean synchronous)
   在 System.Windows.Forms.Control.Invoke(Delegate method, Object[] args)
   在 客户端主程序.FormMainPublic.ShowThreadResult(Hashtable OutPutHT) 位置 F:\富美开发项目\2011工作副本\平台-工作副本\客户端主程序\FormMainPublic.cs:行号 462

2013-03-07 16-29-04     ---     委托回调错误：System.ArgumentOutOfRangeException: 提供的行索引超出范围。
参数名: index
   在 System.Windows.Forms.Control.MarshaledInvoke(Control caller, Delegate method, Object[] args, Boolean synchronous)
   在 System.Windows.Forms.Control.Invoke(Delegate method, Object[] args)
   在 客户端主程序.FormMainPublic.ShowThreadResult(Hashtable OutPutHT) 位置 F:\富美开发项目\2011工作副本\平台-工作副本\客户端主程序\FormMainPublic.cs:行号 462

2013-03-07 16-29-05     ---     委托回调错误：System.ArgumentOutOfRangeException: 提供的行索引超出范围。
参数名: index
   在 System.Windows.Forms.Control.MarshaledInvoke(Control caller, Delegate method, Object[] args, Boolean synchronous)
   在 System.Windows.Forms.Control.Invoke(Delegate method, Object[] args)
   在 客户端主程序.FormMainPublic.ShowThreadResult(Hashtable OutPutHT) 位置 F:\富美开发项目\2011工作副本\平台-工作副本\客户端主程序\FormMainPublic.cs:行号 462

2013-03-07 16-29-05     ---     委托回调错误：System.ArgumentOutOfRangeException: 提供的行索引超出范围。
参数名: index
   在 System.Windows.Forms.Control.MarshaledInvoke(Control caller, Delegate method, Object[] args, Boolean synchronous)
   在 System.Windows.Forms.Control.Invoke(Delegate method, Object[] args)
   在 客户端主程序.FormMainPublic.ShowThreadResult(Hashtable OutPutHT) 位置 F:\富美开发项目\2011工作副本\平台-工作副本\客户端主程序\FormMainPublic.cs:行号 462

2013-03-07 16-29-05     ---     委托回调错误：System.ArgumentOutOfRangeException: 提供的行索引超出范围。
参数名: index
   在 System.Windows.Forms.Control.MarshaledInvoke(Control caller, Delegate method, Object[] args, Boolean synchronous)
   在 System.Windows.Forms.Control.Invoke(Delegate method, Object[] args)
   在 客户端主程序.FormMainPublic.ShowThreadResult(Hashtable OutPutHT) 位置 F:\富美开发项目\2011工作副本\平台-工作副本\客户端主程序\FormMainPublic.cs:行号 462

2013-03-07 16-29-05     ---     委托回调错误：System.ArgumentOutOfRangeException: 提供的行索引超出范围。
参数名: index
   在 System.Windows.Forms.Control.MarshaledInvoke(Control caller, Delegate method, Object[] args, Boolean synchronous)
   在 System.Windows.Forms.Control.Invoke(Delegate method, Object[] args)
   在 客户端主程序.FormMainPublic.ShowThreadResult(Hashtable OutPutHT) 位置 F:\富美开发项目\2011工作副本\平台-工作副本\客户端主程序\FormMainPublic.cs:行号 462

2013-03-07 16-29-05     ---     委托回调错误：System.ArgumentOutOfRangeException: 提供的行索引超出范围。
参数名: index
   在 System.Windows.Forms.Control.MarshaledInvoke(Control caller, Delegate method, Object[] args, Boolean synchronous)
   在 System.Windows.Forms.Control.Invoke(Delegate method, Object[] args)
   在 客户端主程序.FormMainPublic.ShowThreadResult(Hashtable OutPutHT) 位置 F:\富美开发项目\2011工作副本\平台-工作副本\客户端主程序\FormMainPublic.cs:行号 462

2013-03-07 16-29-05     ---     委托回调错误：System.ArgumentOutOfRangeException: 提供的行索引超出范围。
参数名: index
   在 System.Windows.Forms.Control.MarshaledInvoke(Control caller, Delegate method, Object[] args, Boolean synchronous)
   在 System.Windows.Forms.Control.Invoke(Delegate method, Object[] args)
   在 客户端主程序.FormMainPublic.ShowThreadResult(Hashtable OutPutHT) 位置 F:\富美开发项目\2011工作副本\平台-工作副本\客户端主程序\FormMainPublic.cs:行号 462

2013-03-07 16-29-05     ---     委托回调错误：System.ArgumentOutOfRangeException: 提供的行索引超出范围。
参数名: index
   在 System.Windows.Forms.Control.MarshaledInvoke(Control caller, Delegate method, Object[] args, Boolean synchronous)
   在 System.Windows.Forms.Control.Invoke(Delegate method, Object[] args)
   在 客户端主程序.FormMainPublic.ShowThreadResult(Hashtable OutPutHT) 位置 F:\富美开发项目\2011工作副本\平台-工作副本\客户端主程序\FormMainPublic.cs:行号 462

2013-03-07 16-29-05     ---     委托回调错误：System.ArgumentOutOfRangeException: 提供的行索引超出范围。
参数名: index
   在 System.Windows.Forms.Control.MarshaledInvoke(Control caller, Delegate method, Object[] args, Boolean synchronous)
   在 System.Windows.Forms.Control.Invoke(Delegate method, Object[] args)
   在 客户端主程序.FormMainPublic.ShowThreadResult(Hashtable OutPutHT) 位置 F:\富美开发项目\2011工作副本\平台-工作副本\客户端主程序\FormMainPublic.cs:行号 462

2013-03-07 16-29-05     ---     委托回调错误：System.ArgumentOutOfRangeException: 提供的行索引超出范围。
参数名: index
   在 System.Windows.Forms.Control.MarshaledInvoke(Control caller, Delegate method, Object[] args, Boolean synchronous)
   在 System.Windows.Forms.Control.Invoke(Delegate method, Object[] args)
   在 客户端主程序.FormMainPublic.ShowThreadResult(Hashtable OutPutHT) 位置 F:\富美开发项目\2011工作副本\平台-工作副本\客户端主程序\FormMainPublic.cs:行号 462

2013-03-07 16-29-05     ---     委托回调错误：System.ArgumentOutOfRangeException: 提供的行索引超出范围。
参数名: index
   在 System.Windows.Forms.Control.MarshaledInvoke(Control caller, Delegate method, Object[] args, Boolean synchronous)
   在 System.Windows.Forms.Control.Invoke(Delegate method, Object[] args)
   在 客户端主程序.FormMainPublic.ShowThreadResult(Hashtable OutPutHT) 位置 F:\富美开发项目\2011工作副本\平台-工作副本\客户端主程序\FormMainPublic.cs:行号 462

2013-03-07 16-29-05     ---     委托回调错误：System.ArgumentOutOfRangeException: 提供的行索引超出范围。
参数名: index
   在 System.Windows.Forms.Control.MarshaledInvoke(Control caller, Delegate method, Object[] args, Boolean synchronous)
   在 System.Windows.Forms.Control.Invoke(Delegate method, Object[] args)
   在 客户端主程序.FormMainPublic.ShowThreadResult(Hashtable OutPutHT) 位置 F:\富美开发项目\2011工作副本\平台-工作副本\客户端主程序\FormMainPublic.cs:行号 462

2013-03-07 16-29-05     ---     委托回调错误：System.ArgumentOutOfRangeException: 提供的行索引超出范围。
参数名: index
   在 System.Windows.Forms.Control.MarshaledInvoke(Control caller, Delegate method, Object[] args, Boolean synchronous)
   在 System.Windows.Forms.Control.Invoke(Delegate method, Object[] args)
   在 客户端主程序.FormMainPublic.ShowThreadResult(Hashtable OutPutHT) 位置 F:\富美开发项目\2011工作副本\平台-工作副本\客户端主程序\FormMainPublic.cs:行号 462

2013-03-07 16-29-05     ---     委托回调错误：System.ArgumentOutOfRangeException: 提供的行索引超出范围。
参数名: index
   在 System.Windows.Forms.Control.MarshaledInvoke(Control caller, Delegate method, Object[] args, Boolean synchronous)
   在 System.Windows.Forms.Control.Invoke(Delegate method, Object[] args)
   在 客户端主程序.FormMainPublic.ShowThreadResult(Hashtable OutPutHT) 位置 F:\富美开发项目\2011工作副本\平台-工作副本\客户端主程序\FormMainPublic.cs:行号 462

2013-03-07 16-29-05     ---     委托回调错误：System.ArgumentOutOfRangeException: 提供的行索引超出范围。
参数名: index
   在 System.Windows.Forms.Control.MarshaledInvoke(Control caller, Delegate method, Object[] args, Boolean synchronous)
   在 System.Windows.Forms.Control.Invoke(Delegate method, Object[] args)
   在 客户端主程序.FormMainPublic.ShowThreadResult(Hashtable OutPutHT) 位置 F:\富美开发项目\2011工作副本\平台-工作副本\客户端主程序\FormMainPublic.cs:行号 462

2013-03-07 16-29-05     ---     委托回调错误：System.ArgumentOutOfRangeException: 提供的行索引超出范围。
参数名: index
   在 System.Windows.Forms.Control.MarshaledInvoke(Control caller, Delegate method, Object[] args, Boolean synchronous)
   在 System.Windows.Forms.Control.Invoke(Delegate method, Object[] args)
   在 客户端主程序.FormMainPublic.ShowThreadResult(Hashtable OutPutHT) 位置 F:\富美开发项目\2011工作副本\平台-工作副本\客户端主程序\FormMainPublic.cs:行号 462

2013-03-07 16-29-05     ---     委托回调错误：System.ArgumentOutOfRangeException: 提供的行索引超出范围。
参数名: index
   在 System.Windows.Forms.Control.MarshaledInvoke(Control caller, Delegate method, Object[] args, Boolean synchronous)
   在 System.Windows.Forms.Control.Invoke(Delegate method, Object[] args)
   在 客户端主程序.FormMainPublic.ShowThreadResult(Hashtable OutPutHT) 位置 F:\富美开发项目\2011工作副本\平台-工作副本\客户端主程序\FormMainPublic.cs:行号 462

2013-03-07 16-29-05     ---     委托回调错误：System.ArgumentOutOfRangeException: 提供的行索引超出范围。
参数名: index
   在 System.Windows.Forms.Control.MarshaledInvoke(Control caller, Delegate method, Object[] args, Boolean synchronous)
   在 System.Windows.Forms.Control.Invoke(Delegate method, Object[] args)
   在 客户端主程序.FormMainPublic.ShowThreadResult(Hashtable OutPutHT) 位置 F:\富美开发项目\2011工作副本\平台-工作副本\客户端主程序\FormMainPublic.cs:行号 462

2013-03-07 16-29-05     ---     委托回调错误：System.ArgumentOutOfRangeException: 提供的行索引超出范围。
参数名: index
   在 System.Windows.Forms.Control.MarshaledInvoke(Control caller, Delegate method, Object[] args, Boolean synchronous)
   在 System.Windows.Forms.Control.Invoke(Delegate method, Object[] args)
   在 客户端主程序.FormMainPublic.ShowThreadResult(Hashtable OutPutHT) 位置 F:\富美开发项目\2011工作副本\平台-工作副本\客户端主程序\FormMainPublic.cs:行号 462

2013-03-07 16-29-05     ---     委托回调错误：System.ArgumentOutOfRangeException: 提供的行索引超出范围。
参数名: index
   在 System.Windows.Forms.Control.MarshaledInvoke(Control caller, Delegate method, Object[] args, Boolean synchronous)
   在 System.Windows.Forms.Control.Invoke(Delegate method, Object[] args)
   在 客户端主程序.FormMainPublic.ShowThreadResult(Hashtable OutPutHT) 位置 F:\富美开发项目\2011工作副本\平台-工作副本\客户端主程序\FormMainPublic.cs:行号 462

2013-03-07 16-29-05     ---     委托回调错误：System.ArgumentOutOfRangeException: 提供的行索引超出范围。
参数名: index
   在 System.Windows.Forms.Control.MarshaledInvoke(Control caller, Delegate method, Object[] args, Boolean synchronous)
   在 System.Windows.Forms.Control.Invoke(Delegate method, Object[] args)
   在 客户端主程序.FormMainPublic.ShowThreadResult(Hashtable OutPutHT) 位置 F:\富美开发项目\2011工作副本\平台-工作副本\客户端主程序\FormMainPublic.cs:行号 462

2013-03-07 16-29-05     ---     委托回调错误：System.ArgumentOutOfRangeException: 提供的行索引超出范围。
参数名: index
   在 System.Windows.Forms.Control.MarshaledInvoke(Control caller, Delegate method, Object[] args, Boolean synchronous)
   在 System.Windows.Forms.Control.Invoke(Delegate method, Object[] args)
   在 客户端主程序.FormMainPublic.ShowThreadResult(Hashtable OutPutHT) 位置 F:\富美开发项目\2011工作副本\平台-工作副本\客户端主程序\FormMainPublic.cs:行号 462

2013-03-07 16-29-05     ---     委托回调错误：System.ArgumentOutOfRangeException: 提供的行索引超出范围。
参数名: index
   在 System.Windows.Forms.Control.MarshaledInvoke(Control caller, Delegate method, Object[] args, Boolean synchronous)
   在 System.Windows.Forms.Control.Invoke(Delegate method, Object[] args)
   在 客户端主程序.FormMainPublic.ShowThreadResult(Hashtable OutPutHT) 位置 F:\富美开发项目\2011工作副本\平台-工作副本\客户端主程序\FormMainPublic.cs:行号 462

2013-03-07 16-29-05     ---     委托回调错误：System.ArgumentOutOfRangeException: 提供的行索引超出范围。
参数名: index
   在 System.Windows.Forms.Control.MarshaledInvoke(Control caller, Delegate method, Object[] args, Boolean synchronous)
   在 System.Windows.Forms.Control.Invoke(Delegate method, Object[] args)
   在 客户端主程序.FormMainPublic.ShowThreadResult(Hashtable OutPutHT) 位置 F:\富美开发项目\2011工作副本\平台-工作副本\客户端主程序\FormMainPublic.cs:行号 462

2013-03-07 16-29-05     ---     委托回调错误：System.ArgumentOutOfRangeException: 提供的行索引超出范围。
参数名: index
   在 System.Windows.Forms.Control.MarshaledInvoke(Control caller, Delegate method, Object[] args, Boolean synchronous)
   在 System.Windows.Forms.Control.Invoke(Delegate method, Object[] args)
   在 客户端主程序.FormMainPublic.ShowThreadResult(Hashtable OutPutHT) 位置 F:\富美开发项目\2011工作副本\平台-工作副本\客户端主程序\FormMainPublic.cs:行号 462

2013-03-07 16-29-05     ---     委托回调错误：System.ArgumentOutOfRangeException: 提供的行索引超出范围。
参数名: index
   在 System.Windows.Forms.Control.MarshaledInvoke(Control caller, Delegate method, Object[] args, Boolean synchronous)
   在 System.Windows.Forms.Control.Invoke(Delegate method, Object[] args)
   在 客户端主程序.FormMainPublic.ShowThreadResult(Hashtable OutPutHT) 位置 F:\富美开发项目\2011工作副本\平台-工作副本\客户端主程序\FormMainPublic.cs:行号 462

2013-03-07 16-29-05     ---     委托回调错误：System.ArgumentOutOfRangeException: 提供的行索引超出范围。
参数名: index
   在 System.Windows.Forms.Control.MarshaledInvoke(Control caller, Delegate method, Object[] args, Boolean synchronous)
   在 System.Windows.Forms.Control.Invoke(Delegate method, Object[] args)
   在 客户端主程序.FormMainPublic.ShowThreadResult(Hashtable OutPutHT) 位置 F:\富美开发项目\2011工作副本\平台-工作副本\客户端主程序\FormMainPublic.cs:行号 462

2013-03-07 16-29-05     ---     委托回调错误：System.ArgumentOutOfRangeException: 提供的行索引超出范围。
参数名: index
   在 System.Windows.Forms.Control.MarshaledInvoke(Control caller, Delegate method, Object[] args, Boolean synchronous)
   在 System.Windows.Forms.Control.Invoke(Delegate method, Object[] args)
   在 客户端主程序.FormMainPublic.ShowThreadResult(Hashtable OutPutHT) 位置 F:\富美开发项目\2011工作副本\平台-工作副本\客户端主程序\FormMainPublic.cs:行号 462

2013-03-07 16-29-05     ---     委托回调错误：System.ArgumentOutOfRangeException: 提供的行索引超出范围。
参数名: index
   在 System.Windows.Forms.Control.MarshaledInvoke(Control caller, Delegate method, Object[] args, Boolean synchronous)
   在 System.Windows.Forms.Control.Invoke(Delegate method, Object[] args)
   在 客户端主程序.FormMainPublic.ShowThreadResult(Hashtable OutPutHT) 位置 F:\富美开发项目\2011工作副本\平台-工作副本\客户端主程序\FormMainPublic.cs:行号 462

2013-03-07 16-29-05     ---     委托回调错误：System.ArgumentOutOfRangeException: 提供的行索引超出范围。
参数名: index
   在 System.Windows.Forms.Control.MarshaledInvoke(Control caller, Delegate method, Object[] args, Boolean synchronous)
   在 System.Windows.Forms.Control.Invoke(Delegate method, Object[] args)
   在 客户端主程序.FormMainPublic.ShowThreadResult(Hashtable OutPutHT) 位置 F:\富美开发项目\2011工作副本\平台-工作副本\客户端主程序\FormMainPublic.cs:行号 462

2013-03-07 16-29-05     ---     委托回调错误：System.ArgumentOutOfRangeException: 提供的行索引超出范围。
参数名: index
   在 System.Windows.Forms.Control.MarshaledInvoke(Control caller, Delegate method, Object[] args, Boolean synchronous)
   在 System.Windows.Forms.Control.Invoke(Delegate method, Object[] args)
   在 客户端主程序.FormMainPublic.ShowThreadResult(Hashtable OutPutHT) 位置 F:\富美开发项目\2011工作副本\平台-工作副本\客户端主程序\FormMainPublic.cs:行号 462

2013-03-07 16-29-05     ---     委托回调错误：System.ArgumentOutOfRangeException: 提供的行索引超出范围。
参数名: index
   在 System.Windows.Forms.Control.MarshaledInvoke(Control caller, Delegate method, Object[] args, Boolean synchronous)
   在 System.Windows.Forms.Control.Invoke(Delegate method, Object[] args)
   在 客户端主程序.FormMainPublic.ShowThreadResult(Hashtable OutPutHT) 位置 F:\富美开发项目\2011工作副本\平台-工作副本\客户端主程序\FormMainPublic.cs:行号 462

2013-03-07 16-29-05     ---     委托回调错误：System.ArgumentOutOfRangeException: 提供的行索引超出范围。
参数名: index
   在 System.Windows.Forms.Control.MarshaledInvoke(Control caller, Delegate method, Object[] args, Boolean synchronous)
   在 System.Windows.Forms.Control.Invoke(Delegate method, Object[] args)
   在 客户端主程序.FormMainPublic.ShowThreadResult(Hashtable OutPutHT) 位置 F:\富美开发项目\2011工作副本\平台-工作副本\客户端主程序\FormMainPublic.cs:行号 462

2013-03-07 16-29-05     ---     委托回调错误：System.ArgumentOutOfRangeException: 提供的行索引超出范围。
参数名: index
   在 System.Windows.Forms.Control.MarshaledInvoke(Control caller, Delegate method, Object[] args, Boolean synchronous)
   在 System.Windows.Forms.Control.Invoke(Delegate method, Object[] args)
   在 客户端主程序.FormMainPublic.ShowThreadResult(Hashtable OutPutHT) 位置 F:\富美开发项目\2011工作副本\平台-工作副本\客户端主程序\FormMainPublic.cs:行号 462

2013-03-07 16-29-05     ---     委托回调错误：System.ArgumentOutOfRangeException: 提供的行索引超出范围。
参数名: index
   在 System.Windows.Forms.Control.MarshaledInvoke(Control caller, Delegate method, Object[] args, Boolean synchronous)
   在 System.Windows.Forms.Control.Invoke(Delegate method, Object[] args)
   在 客户端主程序.FormMainPublic.ShowThreadResult(Hashtable OutPutHT) 位置 F:\富美开发项目\2011工作副本\平台-工作副本\客户端主程序\FormMainPublic.cs:行号 462

2013-03-07 16-29-06     ---     委托回调错误：System.ArgumentOutOfRangeException: 提供的行索引超出范围。
参数名: index
   在 System.Windows.Forms.Control.MarshaledInvoke(Control caller, Delegate method, Object[] args, Boolean synchronous)
   在 System.Windows.Forms.Control.Invoke(Delegate method, Object[] args)
   在 客户端主程序.FormMainPublic.ShowThreadResult(Hashtable OutPutHT) 位置 F:\富美开发项目\2011工作副本\平台-工作副本\客户端主程序\FormMainPublic.cs:行号 462

2013-03-07 16-29-06     ---     委托回调错误：System.ArgumentOutOfRangeException: 提供的行索引超出范围。
参数名: index
   在 System.Windows.Forms.Control.MarshaledInvoke(Control caller, Delegate method, Object[] args, Boolean synchronous)
   在 System.Windows.Forms.Control.Invoke(Delegate method, Object[] args)
   在 客户端主程序.FormMainPublic.ShowThreadResult(Hashtable OutPutHT) 位置 F:\富美开发项目\2011工作副本\平台-工作副本\客户端主程序\FormMainPublic.cs:行号 462

2013-03-07 16-29-06     ---     委托回调错误：System.ArgumentOutOfRangeException: 提供的行索引超出范围。
参数名: index
   在 System.Windows.Forms.Control.MarshaledInvoke(Control caller, Delegate method, Object[] args, Boolean synchronous)
   在 System.Windows.Forms.Control.Invoke(Delegate method, Object[] args)
   在 客户端主程序.FormMainPublic.ShowThreadResult(Hashtable OutPutHT) 位置 F:\富美开发项目\2011工作副本\平台-工作副本\客户端主程序\FormMainPublic.cs:行号 462

2013-03-07 16-29-06     ---     委托回调错误：System.ArgumentOutOfRangeException: 提供的行索引超出范围。
参数名: index
   在 System.Windows.Forms.Control.MarshaledInvoke(Control caller, Delegate method, Object[] args, Boolean synchronous)
   在 System.Windows.Forms.Control.Invoke(Delegate method, Object[] args)
   在 客户端主程序.FormMainPublic.ShowThreadResult(Hashtable OutPutHT) 位置 F:\富美开发项目\2011工作副本\平台-工作副本\客户端主程序\FormMainPublic.cs:行号 462

2013-03-07 16-29-06     ---     委托回调错误：System.ArgumentOutOfRangeException: 提供的行索引超出范围。
参数名: index
   在 System.Windows.Forms.Control.MarshaledInvoke(Control caller, Delegate method, Object[] args, Boolean synchronous)
   在 System.Windows.Forms.Control.Invoke(Delegate method, Object[] args)
   在 客户端主程序.FormMainPublic.ShowThreadResult(Hashtable OutPutHT) 位置 F:\富美开发项目\2011工作副本\平台-工作副本\客户端主程序\FormMainPublic.cs:行号 462

2013-03-07 16-29-06     ---     委托回调错误：System.ArgumentOutOfRangeException: 提供的行索引超出范围。
参数名: index
   在 System.Windows.Forms.Control.MarshaledInvoke(Control caller, Delegate method, Object[] args, Boolean synchronous)
   在 System.Windows.Forms.Control.Invoke(Delegate method, Object[] args)
   在 客户端主程序.FormMainPublic.ShowThreadResult(Hashtable OutPutHT) 位置 F:\富美开发项目\2011工作副本\平台-工作副本\客户端主程序\FormMainPublic.cs:行号 462

2013-03-07 16-29-06     ---     委托回调错误：System.ArgumentOutOfRangeException: 提供的行索引超出范围。
参数名: index
   在 System.Windows.Forms.Control.MarshaledInvoke(Control caller, Delegate method, Object[] args, Boolean synchronous)
   在 System.Windows.Forms.Control.Invoke(Delegate method, Object[] args)
   在 客户端主程序.FormMainPublic.ShowThreadResult(Hashtable OutPutHT) 位置 F:\富美开发项目\2011工作副本\平台-工作副本\客户端主程序\FormMainPublic.cs:行号 462

2013-03-07 16-29-06     ---     委托回调错误：System.ArgumentOutOfRangeException: 提供的行索引超出范围。
参数名: index
   在 System.Windows.Forms.Control.MarshaledInvoke(Control caller, Delegate method, Object[] args, Boolean synchronous)
   在 System.Windows.Forms.Control.Invoke(Delegate method, Object[] args)
   在 客户端主程序.FormMainPublic.ShowThreadResult(Hashtable OutPutHT) 位置 F:\富美开发项目\2011工作副本\平台-工作副本\客户端主程序\FormMainPublic.cs:行号 462

2013-03-07 16-29-06     ---     委托回调错误：System.ArgumentOutOfRangeException: 提供的行索引超出范围。
参数名: index
   在 System.Windows.Forms.Control.MarshaledInvoke(Control caller, Delegate method, Object[] args, Boolean synchronous)
   在 System.Windows.Forms.Control.Invoke(Delegate method, Object[] args)
   在 客户端主程序.FormMainPublic.ShowThreadResult(Hashtable OutPutHT) 位置 F:\富美开发项目\2011工作副本\平台-工作副本\客户端主程序\FormMainPublic.cs:行号 462

2013-03-07 16-29-06     ---     委托回调错误：System.ArgumentOutOfRangeException: 提供的行索引超出范围。
参数名: index
   在 System.Windows.Forms.Control.MarshaledInvoke(Control caller, Delegate method, Object[] args, Boolean synchronous)
   在 System.Windows.Forms.Control.Invoke(Delegate method, Object[] args)
   在 客户端主程序.FormMainPublic.ShowThreadResult(Hashtable OutPutHT) 位置 F:\富美开发项目\2011工作副本\平台-工作副本\客户端主程序\FormMainPublic.cs:行号 462

2013-03-07 16-29-06     ---     委托回调错误：System.ArgumentOutOfRangeException: 提供的行索引超出范围。
参数名: index
   在 System.Windows.Forms.Control.MarshaledInvoke(Control caller, Delegate method, Object[] args, Boolean synchronous)
   在 System.Windows.Forms.Control.Invoke(Delegate method, Object[] args)
   在 客户端主程序.FormMainPublic.ShowThreadResult(Hashtable OutPutHT) 位置 F:\富美开发项目\2011工作副本\平台-工作副本\客户端主程序\FormMainPublic.cs:行号 462

2013-03-07 16-29-06     ---     委托回调错误：System.ArgumentOutOfRangeException: 提供的行索引超出范围。
参数名: index
   在 System.Windows.Forms.Control.MarshaledInvoke(Control caller, Delegate method, Object[] args, Boolean synchronous)
   在 System.Windows.Forms.Control.Invoke(Delegate method, Object[] args)
   在 客户端主程序.FormMainPublic.ShowThreadResult(Hashtable OutPutHT) 位置 F:\富美开发项目\2011工作副本\平台-工作副本\客户端主程序\FormMainPublic.cs:行号 462

2013-03-07 16-29-06     ---     委托回调错误：System.ArgumentOutOfRangeException: 提供的行索引超出范围。
参数名: index
   在 System.Windows.Forms.Control.MarshaledInvoke(Control caller, Delegate method, Object[] args, Boolean synchronous)
   在 System.Windows.Forms.Control.Invoke(Delegate method, Object[] args)
   在 客户端主程序.FormMainPublic.ShowThreadResult(Hashtable OutPutHT) 位置 F:\富美开发项目\2011工作副本\平台-工作副本\客户端主程序\FormMainPublic.cs:行号 462

2013-03-07 16-29-06     ---     委托回调错误：System.ArgumentOutOfRangeException: 提供的行索引超出范围。
参数名: index
   在 System.Windows.Forms.Control.MarshaledInvoke(Control caller, Delegate method, Object[] args, Boolean synchronous)
   在 System.Windows.Forms.Control.Invoke(Delegate method, Object[] args)
   在 客户端主程序.FormMainPublic.ShowThreadResult(Hashtable OutPutHT) 位置 F:\富美开发项目\2011工作副本\平台-工作副本\客户端主程序\FormMainPublic.cs:行号 462

2013-03-07 16-29-06     ---     委托回调错误：System.ArgumentOutOfRangeException: 提供的行索引超出范围。
参数名: index
   在 System.Windows.Forms.Control.MarshaledInvoke(Control caller, Delegate method, Object[] args, Boolean synchronous)
   在 System.Windows.Forms.Control.Invoke(Delegate method, Object[] args)
   在 客户端主程序.FormMainPublic.ShowThreadResult(Hashtable OutPutHT) 位置 F:\富美开发项目\2011工作副本\平台-工作副本\客户端主程序\FormMainPublic.cs:行号 462

2013-03-07 16-29-06     ---     委托回调错误：System.ArgumentOutOfRangeException: 提供的行索引超出范围。
参数名: index
   在 System.Windows.Forms.Control.MarshaledInvoke(Control caller, Delegate method, Object[] args, Boolean synchronous)
   在 System.Windows.Forms.Control.Invoke(Delegate method, Object[] args)
   在 客户端主程序.FormMainPublic.ShowThreadResult(Hashtable OutPutHT) 位置 F:\富美开发项目\2011工作副本\平台-工作副本\客户端主程序\FormMainPublic.cs:行号 462

2013-03-07 16-29-06     ---     委托回调错误：System.ArgumentOutOfRangeException: 提供的行索引超出范围。
参数名: index
   在 System.Windows.Forms.Control.MarshaledInvoke(Control caller, Delegate method, Object[] args, Boolean synchronous)
   在 System.Windows.Forms.Control.Invoke(Delegate method, Object[] args)
   在 客户端主程序.FormMainPublic.ShowThreadResult(Hashtable OutPutHT) 位置 F:\富美开发项目\2011工作副本\平台-工作副本\客户端主程序\FormMainPublic.cs:行号 462

2013-03-07 16-29-06     ---     委托回调错误：System.ArgumentOutOfRangeException: 提供的行索引超出范围。
参数名: index
   在 System.Windows.Forms.Control.MarshaledInvoke(Control caller, Delegate method, Object[] args, Boolean synchronous)
   在 System.Windows.Forms.Control.Invoke(Delegate method, Object[] args)
   在 客户端主程序.FormMainPublic.ShowThreadResult(Hashtable OutPutHT) 位置 F:\富美开发项目\2011工作副本\平台-工作副本\客户端主程序\FormMainPublic.cs:行号 462

2013-03-07 16-29-06     ---     委托回调错误：System.ArgumentOutOfRangeException: 提供的行索引超出范围。
参数名: index
   在 System.Windows.Forms.Control.MarshaledInvoke(Control caller, Delegate method, Object[] args, Boolean synchronous)
   在 System.Windows.Forms.Control.Invoke(Delegate method, Object[] args)
   在 客户端主程序.FormMainPublic.ShowThreadResult(Hashtable OutPutHT) 位置 F:\富美开发项目\2011工作副本\平台-工作副本\客户端主程序\FormMainPublic.cs:行号 462

2013-03-07 16-29-06     ---     委托回调错误：System.ArgumentOutOfRangeException: 提供的行索引超出范围。
参数名: index
   在 System.Windows.Forms.Control.MarshaledInvoke(Control caller, Delegate method, Object[] args, Boolean synchronous)
   在 System.Windows.Forms.Control.Invoke(Delegate method, Object[] args)
   在 客户端主程序.FormMainPublic.ShowThreadResult(Hashtable OutPutHT) 位置 F:\富美开发项目\2011工作副本\平台-工作副本\客户端主程序\FormMainPublic.cs:行号 462

2013-03-07 16-29-06     ---     委托回调错误：System.ArgumentOutOfRangeException: 提供的行索引超出范围。
参数名: index
   在 System.Windows.Forms.Control.MarshaledInvoke(Control caller, Delegate method, Object[] args, Boolean synchronous)
   在 System.Windows.Forms.Control.Invoke(Delegate method, Object[] args)
   在 客户端主程序.FormMainPublic.ShowThreadResult(Hashtable OutPutHT) 位置 F:\富美开发项目\2011工作副本\平台-工作副本\客户端主程序\FormMainPublic.cs:行号 462

2013-03-07 16-29-06     ---     委托回调错误：System.ArgumentOutOfRangeException: 提供的行索引超出范围。
参数名: index
   在 System.Windows.Forms.Control.MarshaledInvoke(Control caller, Delegate method, Object[] args, Boolean synchronous)
   在 System.Windows.Forms.Control.Invoke(Delegate method, Object[] args)
   在 客户端主程序.FormMainPublic.ShowThreadResult(Hashtable OutPutHT) 位置 F:\富美开发项目\2011工作副本\平台-工作副本\客户端主程序\FormMainPublic.cs:行号 462

2013-03-07 16-29-06     ---     委托回调错误：System.ArgumentOutOfRangeException: 提供的行索引超出范围。
参数名: index
   在 System.Windows.Forms.Control.MarshaledInvoke(Control caller, Delegate method, Object[] args, Boolean synchronous)
   在 System.Windows.Forms.Control.Invoke(Delegate method, Object[] args)
   在 客户端主程序.FormMainPublic.ShowThreadResult(Hashtable OutPutHT) 位置 F:\富美开发项目\2011工作副本\平台-工作副本\客户端主程序\FormMainPublic.cs:行号 462

2013-03-07 16-29-06     ---     委托回调错误：System.ArgumentOutOfRangeException: 提供的行索引超出范围。
参数名: index
   在 System.Windows.Forms.Control.MarshaledInvoke(Control caller, Delegate method, Object[] args, Boolean synchronous)
   在 System.Windows.Forms.Control.Invoke(Delegate method, Object[] args)
   在 客户端主程序.FormMainPublic.ShowThreadResult(Hashtable OutPutHT) 位置 F:\富美开发项目\2011工作副本\平台-工作副本\客户端主程序\FormMainPublic.cs:行号 462

2013-03-07 16-29-06     ---     委托回调错误：System.ArgumentOutOfRangeException: 提供的行索引超出范围。
参数名: index
   在 System.Windows.Forms.Control.MarshaledInvoke(Control caller, Delegate method, Object[] args, Boolean synchronous)
   在 System.Windows.Forms.Control.Invoke(Delegate method, Object[] args)
   在 客户端主程序.FormMainPublic.ShowThreadResult(Hashtable OutPutHT) 位置 F:\富美开发项目\2011工作副本\平台-工作副本\客户端主程序\FormMainPublic.cs:行号 462

2013-03-07 16-29-06     ---     委托回调错误：System.ArgumentOutOfRangeException: 提供的行索引超出范围。
参数名: index
   在 System.Windows.Forms.Control.MarshaledInvoke(Control caller, Delegate method, Object[] args, Boolean synchronous)
   在 System.Windows.Forms.Control.Invoke(Delegate method, Object[] args)
   在 客户端主程序.FormMainPublic.ShowThreadResult(Hashtable OutPutHT) 位置 F:\富美开发项目\2011工作副本\平台-工作副本\客户端主程序\FormMainPublic.cs:行号 462

2013-03-07 16-29-06     ---     委托回调错误：System.ArgumentOutOfRangeException: 提供的行索引超出范围。
参数名: index
   在 System.Windows.Forms.Control.MarshaledInvoke(Control caller, Delegate method, Object[] args, Boolean synchronous)
   在 System.Windows.Forms.Control.Invoke(Delegate method, Object[] args)
   在 客户端主程序.FormMainPublic.ShowThreadResult(Hashtable OutPutHT) 位置 F:\富美开发项目\2011工作副本\平台-工作副本\客户端主程序\FormMainPublic.cs:行号 462

2013-03-07 16-29-06     ---     委托回调错误：System.ArgumentOutOfRangeException: 提供的行索引超出范围。
参数名: index
   在 System.Windows.Forms.Control.MarshaledInvoke(Control caller, Delegate method, Object[] args, Boolean synchronous)
   在 System.Windows.Forms.Control.Invoke(Delegate method, Object[] args)
   在 客户端主程序.FormMainPublic.ShowThreadResult(Hashtable OutPutHT) 位置 F:\富美开发项目\2011工作副本\平台-工作副本\客户端主程序\FormMainPublic.cs:行号 462

2013-03-07 16-29-06     ---     委托回调错误：System.ArgumentOutOfRangeException: 提供的行索引超出范围。
参数名: index
   在 System.Windows.Forms.Control.MarshaledInvoke(Control caller, Delegate method, Object[] args, Boolean synchronous)
   在 System.Windows.Forms.Control.Invoke(Delegate method, Object[] args)
   在 客户端主程序.FormMainPublic.ShowThreadResult(Hashtable OutPutHT) 位置 F:\富美开发项目\2011工作副本\平台-工作副本\客户端主程序\FormMainPublic.cs:行号 462

2013-03-07 16-29-06     ---     委托回调错误：System.ArgumentOutOfRangeException: 提供的行索引超出范围。
参数名: index
   在 System.Windows.Forms.Control.MarshaledInvoke(Control caller, Delegate method, Object[] args, Boolean synchronous)
   在 System.Windows.Forms.Control.Invoke(Delegate method, Object[] args)
   在 客户端主程序.FormMainPublic.ShowThreadResult(Hashtable OutPutHT) 位置 F:\富美开发项目\2011工作副本\平台-工作副本\客户端主程序\FormMainPublic.cs:行号 462

2013-03-07 16-29-06     ---     委托回调错误：System.ArgumentOutOfRangeException: 提供的行索引超出范围。
参数名: index
   在 System.Windows.Forms.Control.MarshaledInvoke(Control caller, Delegate method, Object[] args, Boolean synchronous)
   在 System.Windows.Forms.Control.Invoke(Delegate method, Object[] args)
   在 客户端主程序.FormMainPublic.ShowThreadResult(Hashtable OutPutHT) 位置 F:\富美开发项目\2011工作副本\平台-工作副本\客户端主程序\FormMainPublic.cs:行号 462

2013-03-07 16-29-06     ---     委托回调错误：System.ArgumentOutOfRangeException: 提供的行索引超出范围。
参数名: index
   在 System.Windows.Forms.Control.MarshaledInvoke(Control caller, Delegate method, Object[] args, Boolean synchronous)
   在 System.Windows.Forms.Control.Invoke(Delegate method, Object[] args)
   在 客户端主程序.FormMainPublic.ShowThreadResult(Hashtable OutPutHT) 位置 F:\富美开发项目\2011工作副本\平台-工作副本\客户端主程序\FormMainPublic.cs:行号 462

2013-03-07 16-29-06     ---     委托回调错误：System.ArgumentOutOfRangeException: 提供的行索引超出范围。
参数名: index
   在 System.Windows.Forms.Control.MarshaledInvoke(Control caller, Delegate method, Object[] args, Boolean synchronous)
   在 System.Windows.Forms.Control.Invoke(Delegate method, Object[] args)
   在 客户端主程序.FormMainPublic.ShowThreadResult(Hashtable OutPutHT) 位置 F:\富美开发项目\2011工作副本\平台-工作副本\客户端主程序\FormMainPublic.cs:行号 462

2013-03-07 16-29-06     ---     委托回调错误：System.ArgumentOutOfRangeException: 提供的行索引超出范围。
参数名: index
   在 System.Windows.Forms.Control.MarshaledInvoke(Control caller, Delegate method, Object[] args, Boolean synchronous)
   在 System.Windows.Forms.Control.Invoke(Delegate method, Object[] args)
   在 客户端主程序.FormMainPublic.ShowThreadResult(Hashtable OutPutHT) 位置 F:\富美开发项目\2011工作副本\平台-工作副本\客户端主程序\FormMainPublic.cs:行号 462

2013-03-07 16-29-06     ---     委托回调错误：System.ArgumentOutOfRangeException: 提供的行索引超出范围。
参数名: index
   在 System.Windows.Forms.Control.MarshaledInvoke(Control caller, Delegate method, Object[] args, Boolean synchronous)
   在 System.Windows.Forms.Control.Invoke(Delegate method, Object[] args)
   在 客户端主程序.FormMainPublic.ShowThreadResult(Hashtable OutPutHT) 位置 F:\富美开发项目\2011工作副本\平台-工作副本\客户端主程序\FormMainPublic.cs:行号 462

2013-03-07 16-29-06     ---     委托回调错误：System.ArgumentOutOfRangeException: 提供的行索引超出范围。
参数名: index
   在 System.Windows.Forms.Control.MarshaledInvoke(Control caller, Delegate method, Object[] args, Boolean synchronous)
   在 System.Windows.Forms.Control.Invoke(Delegate method, Object[] args)
   在 客户端主程序.FormMainPublic.ShowThreadResult(Hashtable OutPutHT) 位置 F:\富美开发项目\2011工作副本\平台-工作副本\客户端主程序\FormMainPublic.cs:行号 462

2013-03-07 16-29-07     ---     委托回调错误：System.ArgumentOutOfRangeException: 提供的行索引超出范围。
参数名: index
   在 System.Windows.Forms.Control.MarshaledInvoke(Control caller, Delegate method, Object[] args, Boolean synchronous)
   在 System.Windows.Forms.Control.Invoke(Delegate method, Object[] args)
   在 客户端主程序.FormMainPublic.ShowThreadResult(Hashtable OutPutHT) 位置 F:\富美开发项目\2011工作副本\平台-工作副本\客户端主程序\FormMainPublic.cs:行号 462

2013-03-07 16-29-07     ---     委托回调错误：System.ArgumentOutOfRangeException: 提供的行索引超出范围。
参数名: index
   在 System.Windows.Forms.Control.MarshaledInvoke(Control caller, Delegate method, Object[] args, Boolean synchronous)
   在 System.Windows.Forms.Control.Invoke(Delegate method, Object[] args)
   在 客户端主程序.FormMainPublic.ShowThreadResult(Hashtable OutPutHT) 位置 F:\富美开发项目\2011工作副本\平台-工作副本\客户端主程序\FormMainPublic.cs:行号 462

2013-03-07 16-29-07     ---     委托回调错误：System.ArgumentOutOfRangeException: 提供的行索引超出范围。
参数名: index
   在 System.Windows.Forms.Control.MarshaledInvoke(Control caller, Delegate method, Object[] args, Boolean synchronous)
   在 System.Windows.Forms.Control.Invoke(Delegate method, Object[] args)
   在 客户端主程序.FormMainPublic.ShowThreadResult(Hashtable OutPutHT) 位置 F:\富美开发项目\2011工作副本\平台-工作副本\客户端主程序\FormMainPublic.cs:行号 462

2013-03-07 16-29-07     ---     委托回调错误：System.ArgumentOutOfRangeException: 提供的行索引超出范围。
参数名: index
   在 System.Windows.Forms.Control.MarshaledInvoke(Control caller, Delegate method, Object[] args, Boolean synchronous)
   在 System.Windows.Forms.Control.Invoke(Delegate method, Object[] args)
   在 客户端主程序.FormMainPublic.ShowThreadResult(Hashtable OutPutHT) 位置 F:\富美开发项目\2011工作副本\平台-工作副本\客户端主程序\FormMainPublic.cs:行号 462

2013-03-07 16-29-07     ---     委托回调错误：System.ArgumentOutOfRangeException: 提供的行索引超出范围。
参数名: index
   在 System.Windows.Forms.Control.MarshaledInvoke(Control caller, Delegate method, Object[] args, Boolean synchronous)
   在 System.Windows.Forms.Control.Invoke(Delegate method, Object[] args)
   在 客户端主程序.FormMainPublic.ShowThreadResult(Hashtable OutPutHT) 位置 F:\富美开发项目\2011工作副本\平台-工作副本\客户端主程序\FormMainPublic.cs:行号 462

2013-03-07 16-29-07     ---     委托回调错误：System.ArgumentOutOfRangeException: 提供的行索引超出范围。
参数名: index
   在 System.Windows.Forms.Control.MarshaledInvoke(Control caller, Delegate method, Object[] args, Boolean synchronous)
   在 System.Windows.Forms.Control.Invoke(Delegate method, Object[] args)
   在 客户端主程序.FormMainPublic.ShowThreadResult(Hashtable OutPutHT) 位置 F:\富美开发项目\2011工作副本\平台-工作副本\客户端主程序\FormMainPublic.cs:行号 462

2013-03-07 16-29-07     ---     委托回调错误：System.ArgumentOutOfRangeException: 提供的行索引超出范围。
参数名: index
   在 System.Windows.Forms.Control.MarshaledInvoke(Control caller, Delegate method, Object[] args, Boolean synchronous)
   在 System.Windows.Forms.Control.Invoke(Delegate method, Object[] args)
   在 客户端主程序.FormMainPublic.ShowThreadResult(Hashtable OutPutHT) 位置 F:\富美开发项目\2011工作副本\平台-工作副本\客户端主程序\FormMainPublic.cs:行号 462

2013-03-07 16-29-07     ---     委托回调错误：System.ArgumentOutOfRangeException: 提供的行索引超出范围。
参数名: index
   在 System.Windows.Forms.Control.MarshaledInvoke(Control caller, Delegate method, Object[] args, Boolean synchronous)
   在 System.Windows.Forms.Control.Invoke(Delegate method, Object[] args)
   在 客户端主程序.FormMainPublic.ShowThreadResult(Hashtable OutPutHT) 位置 F:\富美开发项目\2011工作副本\平台-工作副本\客户端主程序\FormMainPublic.cs:行号 462

2013-03-07 16-29-07     ---     委托回调错误：System.ArgumentOutOfRangeException: 提供的行索引超出范围。
参数名: index
   在 System.Windows.Forms.Control.MarshaledInvoke(Control caller, Delegate method, Object[] args, Boolean synchronous)
   在 System.Windows.Forms.Control.Invoke(Delegate method, Object[] args)
   在 客户端主程序.FormMainPublic.ShowThreadResult(Hashtable OutPutHT) 位置 F:\富美开发项目\2011工作副本\平台-工作副本\客户端主程序\FormMainPublic.cs:行号 462

2013-03-07 16-29-07     ---     委托回调错误：System.ArgumentOutOfRangeException: 提供的行索引超出范围。
参数名: index
   在 System.Windows.Forms.Control.MarshaledInvoke(Control caller, Delegate method, Object[] args, Boolean synchronous)
   在 System.Windows.Forms.Control.Invoke(Delegate method, Object[] args)
   在 客户端主程序.FormMainPublic.ShowThreadResult(Hashtable OutPutHT) 位置 F:\富美开发项目\2011工作副本\平台-工作副本\客户端主程序\FormMainPublic.cs:行号 462

2013-03-07 16-29-07     ---     委托回调错误：System.ArgumentOutOfRangeException: 提供的行索引超出范围。
参数名: index
   在 System.Windows.Forms.Control.MarshaledInvoke(Control caller, Delegate method, Object[] args, Boolean synchronous)
   在 System.Windows.Forms.Control.Invoke(Delegate method, Object[] args)
   在 客户端主程序.FormMainPublic.ShowThreadResult(Hashtable OutPutHT) 位置 F:\富美开发项目\2011工作副本\平台-工作副本\客户端主程序\FormMainPublic.cs:行号 462

2013-03-07 16-29-07     ---     委托回调错误：System.ArgumentOutOfRangeException: 提供的行索引超出范围。
参数名: index
   在 System.Windows.Forms.Control.MarshaledInvoke(Control caller, Delegate method, Object[] args, Boolean synchronous)
   在 System.Windows.Forms.Control.Invoke(Delegate method, Object[] args)
   在 客户端主程序.FormMainPublic.ShowThreadResult(Hashtable OutPutHT) 位置 F:\富美开发项目\2011工作副本\平台-工作副本\客户端主程序\FormMainPublic.cs:行号 462

2013-03-07 16-29-07     ---     委托回调错误：System.ArgumentOutOfRangeException: 提供的行索引超出范围。
参数名: index
   在 System.Windows.Forms.Control.MarshaledInvoke(Control caller, Delegate method, Object[] args, Boolean synchronous)
   在 System.Windows.Forms.Control.Invoke(Delegate method, Object[] args)
   在 客户端主程序.FormMainPublic.ShowThreadResult(Hashtable OutPutHT) 位置 F:\富美开发项目\2011工作副本\平台-工作副本\客户端主程序\FormMainPublic.cs:行号 462

2013-03-07 16-29-07     ---     委托回调错误：System.ArgumentOutOfRangeException: 提供的行索引超出范围。
参数名: index
   在 System.Windows.Forms.Control.MarshaledInvoke(Control caller, Delegate method, Object[] args, Boolean synchronous)
   在 System.Windows.Forms.Control.Invoke(Delegate method, Object[] args)
   在 客户端主程序.FormMainPublic.ShowThreadResult(Hashtable OutPutHT) 位置 F:\富美开发项目\2011工作副本\平台-工作副本\客户端主程序\FormMainPublic.cs:行号 462

2013-03-07 16-29-07     ---     委托回调错误：System.ArgumentOutOfRangeException: 提供的行索引超出范围。
参数名: index
   在 System.Windows.Forms.Control.MarshaledInvoke(Control caller, Delegate method, Object[] args, Boolean synchronous)
   在 System.Windows.Forms.Control.Invoke(Delegate method, Object[] args)
   在 客户端主程序.FormMainPublic.ShowThreadResult(Hashtable OutPutHT) 位置 F:\富美开发项目\2011工作副本\平台-工作副本\客户端主程序\FormMainPublic.cs:行号 462

2013-03-07 16-29-07     ---     委托回调错误：System.ArgumentOutOfRangeException: 提供的行索引超出范围。
参数名: index
   在 System.Windows.Forms.Control.MarshaledInvoke(Control caller, Delegate method, Object[] args, Boolean synchronous)
   在 System.Windows.Forms.Control.Invoke(Delegate method, Object[] args)
   在 客户端主程序.FormMainPublic.ShowThreadResult(Hashtable OutPutHT) 位置 F:\富美开发项目\2011工作副本\平台-工作副本\客户端主程序\FormMainPublic.cs:行号 462

2013-03-07 16-29-07     ---     委托回调错误：System.ArgumentOutOfRangeException: 提供的行索引超出范围。
参数名: index
   在 System.Windows.Forms.Control.MarshaledInvoke(Control caller, Delegate method, Object[] args, Boolean synchronous)
   在 System.Windows.Forms.Control.Invoke(Delegate method, Object[] args)
   在 客户端主程序.FormMainPublic.ShowThreadResult(Hashtable OutPutHT) 位置 F:\富美开发项目\2011工作副本\平台-工作副本\客户端主程序\FormMainPublic.cs:行号 462

2013-03-07 16-29-07     ---     委托回调错误：System.ArgumentOutOfRangeException: 提供的行索引超出范围。
参数名: index
   在 System.Windows.Forms.Control.MarshaledInvoke(Control caller, Delegate method, Object[] args, Boolean synchronous)
   在 System.Windows.Forms.Control.Invoke(Delegate method, Object[] args)
   在 客户端主程序.FormMainPublic.ShowThreadResult(Hashtable OutPutHT) 位置 F:\富美开发项目\2011工作副本\平台-工作副本\客户端主程序\FormMainPublic.cs:行号 462

2013-03-07 16-29-07     ---     委托回调错误：System.ArgumentOutOfRangeException: 提供的行索引超出范围。
参数名: index
   在 System.Windows.Forms.Control.MarshaledInvoke(Control caller, Delegate method, Object[] args, Boolean synchronous)
   在 System.Windows.Forms.Control.Invoke(Delegate method, Object[] args)
   在 客户端主程序.FormMainPublic.ShowThreadResult(Hashtable OutPutHT) 位置 F:\富美开发项目\2011工作副本\平台-工作副本\客户端主程序\FormMainPublic.cs:行号 462

2013-03-07 16-29-07     ---     委托回调错误：System.ArgumentOutOfRangeException: 提供的行索引超出范围。
参数名: index
   在 System.Windows.Forms.Control.MarshaledInvoke(Control caller, Delegate method, Object[] args, Boolean synchronous)
   在 System.Windows.Forms.Control.Invoke(Delegate method, Object[] args)
   在 客户端主程序.FormMainPublic.ShowThreadResult(Hashtable OutPutHT) 位置 F:\富美开发项目\2011工作副本\平台-工作副本\客户端主程序\FormMainPublic.cs:行号 462

2013-03-07 16-29-07     ---     委托回调错误：System.ArgumentOutOfRangeException: 提供的行索引超出范围。
参数名: index
   在 System.Windows.Forms.Control.MarshaledInvoke(Control caller, Delegate method, Object[] args, Boolean synchronous)
   在 System.Windows.Forms.Control.Invoke(Delegate method, Object[] args)
   在 客户端主程序.FormMainPublic.ShowThreadResult(Hashtable OutPutHT) 位置 F:\富美开发项目\2011工作副本\平台-工作副本\客户端主程序\FormMainPublic.cs:行号 462

2013-03-07 16-29-07     ---     委托回调错误：System.ArgumentOutOfRangeException: 提供的行索引超出范围。
参数名: index
   在 System.Windows.Forms.Control.MarshaledInvoke(Control caller, Delegate method, Object[] args, Boolean synchronous)
   在 System.Windows.Forms.Control.Invoke(Delegate method, Object[] args)
   在 客户端主程序.FormMainPublic.ShowThreadResult(Hashtable OutPutHT) 位置 F:\富美开发项目\2011工作副本\平台-工作副本\客户端主程序\FormMainPublic.cs:行号 462

2013-03-07 16-29-07     ---     委托回调错误：System.ArgumentOutOfRangeException: 提供的行索引超出范围。
参数名: index
   在 System.Windows.Forms.Control.MarshaledInvoke(Control caller, Delegate method, Object[] args, Boolean synchronous)
   在 System.Windows.Forms.Control.Invoke(Delegate method, Object[] args)
   在 客户端主程序.FormMainPublic.ShowThreadResult(Hashtable OutPutHT) 位置 F:\富美开发项目\2011工作副本\平台-工作副本\客户端主程序\FormMainPublic.cs:行号 462

2013-03-07 16-29-07     ---     委托回调错误：System.ArgumentOutOfRangeException: 提供的行索引超出范围。
参数名: index
   在 System.Windows.Forms.Control.MarshaledInvoke(Control caller, Delegate method, Object[] args, Boolean synchronous)
   在 System.Windows.Forms.Control.Invoke(Delegate method, Object[] args)
   在 客户端主程序.FormMainPublic.ShowThreadResult(Hashtable OutPutHT) 位置 F:\富美开发项目\2011工作副本\平台-工作副本\客户端主程序\FormMainPublic.cs:行号 462

2013-03-07 16-29-07     ---     委托回调错误：System.ArgumentOutOfRangeException: 提供的行索引超出范围。
参数名: index
   在 System.Windows.Forms.Control.MarshaledInvoke(Control caller, Delegate method, Object[] args, Boolean synchronous)
   在 System.Windows.Forms.Control.Invoke(Delegate method, Object[] args)
   在 客户端主程序.FormMainPublic.ShowThreadResult(Hashtable OutPutHT) 位置 F:\富美开发项目\2011工作副本\平台-工作副本\客户端主程序\FormMainPublic.cs:行号 462

2013-03-07 16-29-07     ---     委托回调错误：System.ArgumentOutOfRangeException: 提供的行索引超出范围。
参数名: index
   在 System.Windows.Forms.Control.MarshaledInvoke(Control caller, Delegate method, Object[] args, Boolean synchronous)
   在 System.Windows.Forms.Control.Invoke(Delegate method, Object[] args)
   在 客户端主程序.FormMainPublic.ShowThreadResult(Hashtable OutPutHT) 位置 F:\富美开发项目\2011工作副本\平台-工作副本\客户端主程序\FormMainPublic.cs:行号 462

2013-03-07 16-29-07     ---     委托回调错误：System.ArgumentOutOfRangeException: 提供的行索引超出范围。
参数名: index
   在 System.Windows.Forms.Control.MarshaledInvoke(Control caller, Delegate method, Object[] args, Boolean synchronous)
   在 System.Windows.Forms.Control.Invoke(Delegate method, Object[] args)
   在 客户端主程序.FormMainPublic.ShowThreadResult(Hashtable OutPutHT) 位置 F:\富美开发项目\2011工作副本\平台-工作副本\客户端主程序\FormMainPublic.cs:行号 462

2013-03-07 16-29-07     ---     委托回调错误：System.ArgumentOutOfRangeException: 提供的行索引超出范围。
参数名: index
   在 System.Windows.Forms.Control.MarshaledInvoke(Control caller, Delegate method, Object[] args, Boolean synchronous)
   在 System.Windows.Forms.Control.Invoke(Delegate method, Object[] args)
   在 客户端主程序.FormMainPublic.ShowThreadResult(Hashtable OutPutHT) 位置 F:\富美开发项目\2011工作副本\平台-工作副本\客户端主程序\FormMainPublic.cs:行号 462

2013-03-07 16-29-07     ---     委托回调错误：System.ArgumentOutOfRangeException: 提供的行索引超出范围。
参数名: index
   在 System.Windows.Forms.Control.MarshaledInvoke(Control caller, Delegate method, Object[] args, Boolean synchronous)
   在 System.Windows.Forms.Control.Invoke(Delegate method, Object[] args)
   在 客户端主程序.FormMainPublic.ShowThreadResult(Hashtable OutPutHT) 位置 F:\富美开发项目\2011工作副本\平台-工作副本\客户端主程序\FormMainPublic.cs:行号 462

2013-03-07 16-29-07     ---     委托回调错误：System.ArgumentOutOfRangeException: 提供的行索引超出范围。
参数名: index
   在 System.Windows.Forms.Control.MarshaledInvoke(Control caller, Delegate method, Object[] args, Boolean synchronous)
   在 System.Windows.Forms.Control.Invoke(Delegate method, Object[] args)
   在 客户端主程序.FormMainPublic.ShowThreadResult(Hashtable OutPutHT) 位置 F:\富美开发项目\2011工作副本\平台-工作副本\客户端主程序\FormMainPublic.cs:行号 462

2013-03-07 16-29-07     ---     委托回调错误：System.ArgumentOutOfRangeException: 提供的行索引超出范围。
参数名: index
   在 System.Windows.Forms.Control.MarshaledInvoke(Control caller, Delegate method, Object[] args, Boolean synchronous)
   在 System.Windows.Forms.Control.Invoke(Delegate method, Object[] args)
   在 客户端主程序.FormMainPublic.ShowThreadResult(Hashtable OutPutHT) 位置 F:\富美开发项目\2011工作副本\平台-工作副本\客户端主程序\FormMainPublic.cs:行号 462

2013-03-07 16-29-07     ---     委托回调错误：System.ArgumentOutOfRangeException: 提供的行索引超出范围。
参数名: index
   在 System.Windows.Forms.Control.MarshaledInvoke(Control caller, Delegate method, Object[] args, Boolean synchronous)
   在 System.Windows.Forms.Control.Invoke(Delegate method, Object[] args)
   在 客户端主程序.FormMainPublic.ShowThreadResult(Hashtable OutPutHT) 位置 F:\富美开发项目\2011工作副本\平台-工作副本\客户端主程序\FormMainPublic.cs:行号 462

2013-03-07 16-29-07     ---     委托回调错误：System.ArgumentOutOfRangeException: 提供的行索引超出范围。
参数名: index
   在 System.Windows.Forms.Control.MarshaledInvoke(Control caller, Delegate method, Object[] args, Boolean synchronous)
   在 System.Windows.Forms.Control.Invoke(Delegate method, Object[] args)
   在 客户端主程序.FormMainPublic.ShowThreadResult(Hashtable OutPutHT) 位置 F:\富美开发项目\2011工作副本\平台-工作副本\客户端主程序\FormMainPublic.cs:行号 462

2013-03-07 16-29-07     ---     委托回调错误：System.ArgumentOutOfRangeException: 提供的行索引超出范围。
参数名: index
   在 System.Windows.Forms.Control.MarshaledInvoke(Control caller, Delegate method, Object[] args, Boolean synchronous)
   在 System.Windows.Forms.Control.Invoke(Delegate method, Object[] args)
   在 客户端主程序.FormMainPublic.ShowThreadResult(Hashtable OutPutHT) 位置 F:\富美开发项目\2011工作副本\平台-工作副本\客户端主程序\FormMainPublic.cs:行号 462

2013-03-07 16-29-07     ---     委托回调错误：System.ArgumentOutOfRangeException: 提供的行索引超出范围。
参数名: index
   在 System.Windows.Forms.Control.MarshaledInvoke(Control caller, Delegate method, Object[] args, Boolean synchronous)
   在 System.Windows.Forms.Control.Invoke(Delegate method, Object[] args)
   在 客户端主程序.FormMainPublic.ShowThreadResult(Hashtable OutPutHT) 位置 F:\富美开发项目\2011工作副本\平台-工作副本\客户端主程序\FormMainPublic.cs:行号 462

2013-03-07 16-29-07     ---     委托回调错误：System.ArgumentOutOfRangeException: 提供的行索引超出范围。
参数名: index
   在 System.Windows.Forms.Control.MarshaledInvoke(Control caller, Delegate method, Object[] args, Boolean synchronous)
   在 System.Windows.Forms.Control.Invoke(Delegate method, Object[] args)
   在 客户端主程序.FormMainPublic.ShowThreadResult(Hashtable OutPutHT) 位置 F:\富美开发项目\2011工作副本\平台-工作副本\客户端主程序\FormMainPublic.cs:行号 462

2013-03-07 16-29-07     ---     委托回调错误：System.ArgumentOutOfRangeException: 提供的行索引超出范围。
参数名: index
   在 System.Windows.Forms.Control.MarshaledInvoke(Control caller, Delegate method, Object[] args, Boolean synchronous)
   在 System.Windows.Forms.Control.Invoke(Delegate method, Object[] args)
   在 客户端主程序.FormMainPublic.ShowThreadResult(Hashtable OutPutHT) 位置 F:\富美开发项目\2011工作副本\平台-工作副本\客户端主程序\FormMainPublic.cs:行号 462

2013-03-07 16-29-07     ---     委托回调错误：System.ArgumentOutOfRangeException: 提供的行索引超出范围。
参数名: index
   在 System.Windows.Forms.Control.MarshaledInvoke(Control caller, Delegate method, Object[] args, Boolean synchronous)
   在 System.Windows.Forms.Control.Invoke(Delegate method, Object[] args)
   在 客户端主程序.FormMainPublic.ShowThreadResult(Hashtable OutPutHT) 位置 F:\富美开发项目\2011工作副本\平台-工作副本\客户端主程序\FormMainPublic.cs:行号 462

2013-03-07 16-29-08     ---     委托回调错误：System.ArgumentOutOfRangeException: 提供的行索引超出范围。
参数名: index
   在 System.Windows.Forms.Control.MarshaledInvoke(Control caller, Delegate method, Object[] args, Boolean synchronous)
   在 System.Windows.Forms.Control.Invoke(Delegate method, Object[] args)
   在 客户端主程序.FormMainPublic.ShowThreadResult(Hashtable OutPutHT) 位置 F:\富美开发项目\2011工作副本\平台-工作副本\客户端主程序\FormMainPublic.cs:行号 462

2013-03-07 16-29-08     ---     委托回调错误：System.ArgumentOutOfRangeException: 提供的行索引超出范围。
参数名: index
   在 System.Windows.Forms.Control.MarshaledInvoke(Control caller, Delegate method, Object[] args, Boolean synchronous)
   在 System.Windows.Forms.Control.Invoke(Delegate method, Object[] args)
   在 客户端主程序.FormMainPublic.ShowThreadResult(Hashtable OutPutHT) 位置 F:\富美开发项目\2011工作副本\平台-工作副本\客户端主程序\FormMainPublic.cs:行号 462

2013-03-07 16-29-08     ---     委托回调错误：System.ArgumentOutOfRangeException: 提供的行索引超出范围。
参数名: index
   在 System.Windows.Forms.Control.MarshaledInvoke(Control caller, Delegate method, Object[] args, Boolean synchronous)
   在 System.Windows.Forms.Control.Invoke(Delegate method, Object[] args)
   在 客户端主程序.FormMainPublic.ShowThreadResult(Hashtable OutPutHT) 位置 F:\富美开发项目\2011工作副本\平台-工作副本\客户端主程序\FormMainPublic.cs:行号 462

2013-03-07 16-33-15     ---     委托回调错误：System.IndexOutOfRangeException: 无法找到列 22。
   在 System.Windows.Forms.Control.MarshaledInvoke(Control caller, Delegate method, Object[] args, Boolean synchronous)
   在 System.Windows.Forms.Control.Invoke(Delegate method, Object[] args)
   在 客户端主程序.FormSPinfo.ShowThreadResult(Hashtable OutPutHT) 位置 F:\富美开发项目\2011工作副本\平台-工作副本\客户端主程序\FormSPinfo.cs:行号 188

2013-03-07 16-33-21     ---     委托回调错误：System.IndexOutOfRangeException: 无法找到列 22。
   在 System.Windows.Forms.Control.MarshaledInvoke(Control caller, Delegate method, Object[] args, Boolean synchronous)
   在 System.Windows.Forms.Control.Invoke(Delegate method, Object[] args)
   在 客户端主程序.FormSPinfo.ShowThreadResult(Hashtable OutPutHT) 位置 F:\富美开发项目\2011工作副本\平台-工作副本\客户端主程序\FormSPinfo.cs:行号 188

2013-03-07 16-33-25     ---     委托回调错误：System.IndexOutOfRangeException: 无法找到列 22。
   在 System.Windows.Forms.Control.MarshaledInvoke(Control caller, Delegate method, Object[] args, Boolean synchronous)
   在 System.Windows.Forms.Control.Invoke(Delegate method, Object[] args)
   在 客户端主程序.FormSPinfo.ShowThreadResult(Hashtable OutPutHT) 位置 F:\富美开发项目\2011工作副本\平台-工作副本\客户端主程序\FormSPinfo.cs:行号 188

2013-03-07 16-35-21     ---     委托回调错误：System.Threading.ThreadAbortException: 正在中止线程。
   在 System.Threading.WaitHandle.WaitOneNative(SafeWaitHandle waitHandle, UInt32 millisecondsTimeout, Boolean hasThreadAffinity, Boolean exitContext)
   在 System.Threading.WaitHandle.WaitOne(Int64 timeout, Boolean exitContext)
   在 System.Threading.WaitHandle.WaitOne(Int32 millisecondsTimeout, Boolean exitContext)
   在 System.Windows.Forms.Control.WaitForWaitHandle(WaitHandle waitHandle)
   在 System.Windows.Forms.Control.MarshaledInvoke(Control caller, Delegate method, Object[] args, Boolean synchronous)
   在 System.Windows.Forms.Control.Invoke(Delegate method, Object[] args)
   在 客户端主程序.FormMainPublic.ShowThreadResult(Hashtable OutPutHT) 位置 F:\富美开发项目\2011工作副本\平台-工作副本\客户端主程序\FormMainPublic.cs:行号 473

2013-03-07 16-38-25     ---     委托回调错误：System.NullReferenceException: 未将对象引用设置到对象的实例。
   在 System.Windows.Forms.Control.MarshaledInvoke(Control caller, Delegate method, Object[] args, Boolean synchronous)
   在 System.Windows.Forms.Control.Invoke(Delegate method, Object[] args)
   在 客户端主程序.SubForm.CenterForm.Buyer.SelectTBWarse.ShowThreadResult_BeginBind(Hashtable returnHT) 位置 F:\富美开发项目\2011工作副本\平台-工作副本\客户端主程序\SubForm\CenterForm\Buyer\SelectTBWarse.cs:行号 162

2013-03-07 16-38-30     ---     委托回调错误：System.NullReferenceException: 未将对象引用设置到对象的实例。
   在 System.Windows.Forms.Control.MarshaledInvoke(Control caller, Delegate method, Object[] args, Boolean synchronous)
   在 System.Windows.Forms.Control.Invoke(Delegate method, Object[] args)
   在 客户端主程序.SubForm.CenterForm.Buyer.SelectTBWarse.ShowThreadResult_BeginBind(Hashtable returnHT) 位置 F:\富美开发项目\2011工作副本\平台-工作副本\客户端主程序\SubForm\CenterForm\Buyer\SelectTBWarse.cs:行号 162

