2014-08-26 08-58-48     ---     调用webservices错误,方法名：[C获得一级分类]：System.NullReferenceException: 未将对象引用设置到对象的实例。
   在 FMipcClass.IPC.Call_C(DataSet dsipc, DataTable dtone, String IPCurl, DateTime dtbegin, String FF_yewuname, Object[] objCS) 位置 f:\富美开发项目\2011工作副本\平台第二版-工作副本\A_W1_Services\IPC.cs:行号 296
   在 FMipcClass.IPC.Call(String FF_yewuname, Object[] objCS) 位置 f:\富美开发项目\2011工作副本\平台第二版-工作副本\A_W1_Services\IPC.cs:行号 64
   在 客户端主程序.NewDataControl.WebServicesCenter2013.RunAtServicesBase(String MethodName, Object[] CSarr) 位置 f:\富美开发项目\2011工作副本\平台第二版-工作副本\A_W1_Services\WebServicesCenter2013.cs:行号 79

2014-08-26 08-58-49     ---     委托回调错误：System.NullReferenceException: 未将对象引用设置到对象的实例。
   在 System.Windows.Forms.Control.MarshaledInvoke(Control caller, Delegate method, Object[] args, Boolean synchronous)
   在 System.Windows.Forms.Control.Invoke(Delegate method, Object[] args)
   在 客户端主程序.FormMainPublic.ShowThreadResult_FL(Hashtable OutPutHT) 位置 f:\富美开发项目\2011工作副本\平台第二版-工作副本\第二版客户端主程序\FormMainPublic.cs:行号 1284

2014-08-26 14-57-17     ---     调用webservices错误,方法名：[C大盘底部统计]：System.IO.IOException: 文件“F:\富美开发项目\2011工作副本\平台第二版-工作副本\第二版客户端主程序\bin\Debug\ForIPC\IPClist.config”正由另一进程使用，因此该进程无法访问该文件。
   在 System.IO.__Error.WinIOError(Int32 errorCode, String maybeFullPath)
   在 System.IO.FileStream.Init(String path, FileMode mode, FileAccess access, Int32 rights, Boolean useRights, FileShare share, Int32 bufferSize, FileOptions options, SECURITY_ATTRIBUTES secAttrs, String msgPath, Boolean bFromProxy)
   在 System.IO.FileStream..ctor(String path, FileMode mode, FileAccess access, FileShare share, Int32 bufferSize, FileOptions options, String msgPath, Boolean bFromProxy)
   在 System.IO.FileStream..ctor(String path, FileMode mode, FileAccess access, FileShare share, Int32 bufferSize)
   在 System.Xml.XmlDownloadManager.GetStream(Uri uri, ICredentials credentials)
   在 System.Xml.XmlUrlResolver.GetEntity(Uri absoluteUri, String role, Type ofObjectToReturn)
   在 System.Xml.XmlTextReaderImpl.OpenUrlDelegate(Object xmlResolver)
   在 System.Threading.CompressedStack.runTryCode(Object userData)
   在 System.Runtime.CompilerServices.RuntimeHelpers.ExecuteCodeWithGuaranteedCleanup(TryCode code, CleanupCode backoutCode, Object userData)
   在 System.Threading.CompressedStack.Run(CompressedStack compressedStack, ContextCallback callback, Object state)
   在 System.Xml.XmlTextReaderImpl.OpenUrl()
   在 System.Xml.XmlTextReaderImpl.Read()
   在 System.Xml.XmlReader.MoveToContent()
   在 System.Data.DataSet.ReadXml(XmlReader reader, Boolean denyResolving)
   在 System.Data.DataSet.ReadXml(String fileName)
   在 FMipcClass.IPC.Call(String FF_yewuname, Object[] objCS) 位置 f:\富美开发项目\2011工作副本\平台第二版-工作副本\A_W1_Services\IPC.cs:行号 35
   在 客户端主程序.NewDataControl.WebServicesCenter2013.RunAtServicesBase(String MethodName, Object[] CSarr) 位置 f:\富美开发项目\2011工作副本\平台第二版-工作副本\A_W1_Services\WebServicesCenter2013.cs:行号 79

