2014-07-19 17-17-16     ---     委托回调错误：System.FormatException: 输入字符串的格式不正确。
   在 System.Windows.Forms.Control.MarshaledInvoke(Control caller, Delegate method, Object[] args, Boolean synchronous)
   在 System.Windows.Forms.Control.Invoke(Delegate method, Object[] args)
   在 客户端主程序.SPXQ2014.ShowThreadResult(Hashtable OutPutHT) 位置 f:\富美开发项目\2011工作副本\平台第二版-工作副本\第二版客户端主程序\SPXQ2014.cs:行号 340

2014-07-19 17-18-42     ---     委托回调错误：System.FormatException: 输入字符串的格式不正确。
   在 System.Windows.Forms.Control.MarshaledInvoke(Control caller, Delegate method, Object[] args, Boolean synchronous)
   在 System.Windows.Forms.Control.Invoke(Delegate method, Object[] args)
   在 客户端主程序.SPXQ2014.ShowThreadResult(Hashtable OutPutHT) 位置 f:\富美开发项目\2011工作副本\平台第二版-工作副本\第二版客户端主程序\SPXQ2014.cs:行号 340

2014-07-19 17-21-04     ---     委托回调错误：System.FormatException: 输入字符串的格式不正确。
   在 System.Windows.Forms.Control.MarshaledInvoke(Control caller, Delegate method, Object[] args, Boolean synchronous)
   在 System.Windows.Forms.Control.Invoke(Delegate method, Object[] args)
   在 客户端主程序.SPXQ2014.ShowThreadResult(Hashtable OutPutHT) 位置 f:\富美开发项目\2011工作副本\平台第二版-工作副本\第二版客户端主程序\SPXQ2014.cs:行号 340

2014-07-19 17-21-50     ---     委托回调错误：System.FormatException: 输入字符串的格式不正确。
   在 System.Windows.Forms.Control.MarshaledInvoke(Control caller, Delegate method, Object[] args, Boolean synchronous)
   在 System.Windows.Forms.Control.Invoke(Delegate method, Object[] args)
   在 客户端主程序.SPXQ2014.ShowThreadResult(Hashtable OutPutHT) 位置 f:\富美开发项目\2011工作副本\平台第二版-工作副本\第二版客户端主程序\SPXQ2014.cs:行号 340

2014-07-19 17-22-02     ---     委托回调错误：System.FormatException: 输入字符串的格式不正确。
   在 System.Windows.Forms.Control.MarshaledInvoke(Control caller, Delegate method, Object[] args, Boolean synchronous)
   在 System.Windows.Forms.Control.Invoke(Delegate method, Object[] args)
   在 客户端主程序.SPXQ2014.ShowThreadResult(Hashtable OutPutHT) 位置 f:\富美开发项目\2011工作副本\平台第二版-工作副本\第二版客户端主程序\SPXQ2014.cs:行号 340

2014-07-19 17-23-11     ---     委托回调错误：System.FormatException: 输入字符串的格式不正确。
   在 System.Windows.Forms.Control.MarshaledInvoke(Control caller, Delegate method, Object[] args, Boolean synchronous)
   在 System.Windows.Forms.Control.Invoke(Delegate method, Object[] args)
   在 客户端主程序.SPXQ2014.ShowThreadResult(Hashtable OutPutHT) 位置 f:\富美开发项目\2011工作副本\平台第二版-工作副本\第二版客户端主程序\SPXQ2014.cs:行号 340

2014-07-19 17-23-42     ---     委托回调错误：System.FormatException: 输入字符串的格式不正确。
   在 System.Windows.Forms.Control.MarshaledInvoke(Control caller, Delegate method, Object[] args, Boolean synchronous)
   在 System.Windows.Forms.Control.Invoke(Delegate method, Object[] args)
   在 客户端主程序.SPXQ2014.ShowThreadResult(Hashtable OutPutHT) 位置 f:\富美开发项目\2011工作副本\平台第二版-工作副本\第二版客户端主程序\SPXQ2014.cs:行号 340

2014-07-19 17-24-53     ---     委托回调错误：System.FormatException: 输入字符串的格式不正确。
   在 System.Windows.Forms.Control.MarshaledInvoke(Control caller, Delegate method, Object[] args, Boolean synchronous)
   在 System.Windows.Forms.Control.Invoke(Delegate method, Object[] args)
   在 客户端主程序.SPXQ2014.ShowThreadResult(Hashtable OutPutHT) 位置 f:\富美开发项目\2011工作副本\平台第二版-工作副本\第二版客户端主程序\SPXQ2014.cs:行号 340

2014-07-19 17-25-23     ---     委托回调错误：System.FormatException: 输入字符串的格式不正确。
   在 System.Windows.Forms.Control.MarshaledInvoke(Control caller, Delegate method, Object[] args, Boolean synchronous)
   在 System.Windows.Forms.Control.Invoke(Delegate method, Object[] args)
   在 客户端主程序.SPXQ2014.ShowThreadResult(Hashtable OutPutHT) 位置 f:\富美开发项目\2011工作副本\平台第二版-工作副本\第二版客户端主程序\SPXQ2014.cs:行号 340

2014-07-19 17-27-23     ---     委托回调错误：System.ArgumentOutOfRangeException: startIndex 不能大于字符串长度。
参数名: startIndex
   在 System.Windows.Forms.Control.MarshaledInvoke(Control caller, Delegate method, Object[] args, Boolean synchronous)
   在 System.Windows.Forms.Control.Invoke(Delegate method, Object[] args)
   在 客户端主程序.SPXQ2014.ShowThreadResult(Hashtable OutPutHT) 位置 f:\富美开发项目\2011工作副本\平台第二版-工作副本\第二版客户端主程序\SPXQ2014.cs:行号 340

2014-07-19 17-27-31     ---     委托回调错误：System.ArgumentOutOfRangeException: startIndex 不能大于字符串长度。
参数名: startIndex
   在 System.Windows.Forms.Control.MarshaledInvoke(Control caller, Delegate method, Object[] args, Boolean synchronous)
   在 System.Windows.Forms.Control.Invoke(Delegate method, Object[] args)
   在 客户端主程序.SPXQ2014.ShowThreadResult(Hashtable OutPutHT) 位置 f:\富美开发项目\2011工作副本\平台第二版-工作副本\第二版客户端主程序\SPXQ2014.cs:行号 340

