2014-11-27 15-27-05     ---     调用webservices错误,方法名：[C获得一级分类]：查询业务调用失败，空返回值！

2014-11-27 15-27-05     ---     委托回调错误：System.NullReferenceException: 未将对象引用设置到对象的实例。
   在 System.Windows.Forms.Control.MarshaledInvoke(Control caller, Delegate method, Object[] args, Boolean synchronous)
   在 System.Windows.Forms.Control.Invoke(Delegate method, Object[] args)
   在 客户端主程序.FormMainPublic.ShowThreadResult_FL(Hashtable OutPutHT) 位置 f:\富美开发项目\2011工作副本\平台第二版-工作副本\第二版客户端主程序\FormMainPublic.cs:行号 1284

2014-11-27 15-27-07     ---     调用webservices错误,方法名：[C大盘底部统计]：查询业务调用失败，空返回值！

2014-11-27 15-27-12     ---     调用webservices错误,方法名：[C大盘底部统计]：查询业务调用失败，空返回值！

2014-11-27 15-27-13     ---     调用webservices错误,方法名：[分页统一接口]：查询业务调用失败，空返回值！

2014-11-27 15-27-13     ---     委托回调错误：System.NullReferenceException: 未将对象引用设置到对象的实例。
   在 System.Windows.Forms.Control.MarshaledInvoke(Control caller, Delegate method, Object[] args, Boolean synchronous)
   在 System.Windows.Forms.Control.Invoke(Delegate method, Object[] args)
   在 客户端主程序.SubForm.NewCenterForm.SUBUC.SPMM.ucSPMMQK_C.STR_BeginBind(Hashtable returnHT) 位置 f:\富美开发项目\2011工作副本\平台第二版-工作副本\A_Y4_Business_SPMM\ucSPMMQK_C.cs:行号 89

2014-11-27 15-27-13     ---     委托回调错误：System.NullReferenceException: 未将对象引用设置到对象的实例。
   在 System.Windows.Forms.Control.MarshaledInvoke(Control caller, Delegate method, Object[] args, Boolean synchronous)
   在 System.Windows.Forms.Control.Invoke(Delegate method, Object[] args)
   在 客户端主程序.SubForm.UCPager.ShowThreadResult_pager(Hashtable returnHT) 位置 f:\富美开发项目\2011工作副本\平台第二版-工作副本\A_K1_Control_G\UCPager.cs:行号 96

2014-11-27 15-27-18     ---     调用webservices错误,方法名：[C大盘底部统计]：查询业务调用失败，空返回值！

2014-11-27 15-27-23     ---     调用webservices错误,方法名：[C大盘底部统计]：查询业务调用失败，空返回值！

2014-11-27 15-27-29     ---     调用webservices错误,方法名：[C大盘底部统计]：查询业务调用失败，空返回值！

2014-11-27 15-27-35     ---     调用webservices错误,方法名：[C大盘底部统计]：查询业务调用失败，空返回值！

2014-11-27 15-27-40     ---     调用webservices错误,方法名：[C大盘底部统计]：查询业务调用失败，空返回值！

2014-11-27 15-27-46     ---     调用webservices错误,方法名：[C大盘底部统计]：查询业务调用失败，空返回值！

2014-11-27 15-27-52     ---     调用webservices错误,方法名：[C大盘底部统计]：查询业务调用失败，空返回值！

2014-11-27 15-27-58     ---     调用webservices错误,方法名：[C大盘底部统计]：查询业务调用失败，空返回值！

2014-11-27 15-28-03     ---     调用webservices错误,方法名：[C大盘底部统计]：查询业务调用失败，空返回值！

2014-11-27 15-28-09     ---     调用webservices错误,方法名：[C大盘底部统计]：查询业务调用失败，空返回值！

2014-11-27 15-28-14     ---     调用webservices错误,方法名：[C大盘底部统计]：查询业务调用失败，空返回值！

2014-11-27 15-28-20     ---     调用webservices错误,方法名：[C大盘底部统计]：查询业务调用失败，空返回值！

2014-11-27 15-28-25     ---     调用webservices错误,方法名：[C大盘底部统计]：查询业务调用失败，空返回值！

2014-11-27 15-28-31     ---     调用webservices错误,方法名：[C大盘底部统计]：查询业务调用失败，空返回值！

2014-11-27 15-28-37     ---     调用webservices错误,方法名：[C大盘底部统计]：查询业务调用失败，空返回值！

2014-11-27 15-28-43     ---     调用webservices错误,方法名：[C大盘底部统计]：查询业务调用失败，空返回值！

2014-11-27 15-28-48     ---     调用webservices错误,方法名：[C大盘底部统计]：查询业务调用失败，空返回值！

2014-11-27 15-28-54     ---     调用webservices错误,方法名：[C大盘底部统计]：查询业务调用失败，空返回值！

2014-11-27 15-28-59     ---     调用webservices错误,方法名：[C大盘底部统计]：查询业务调用失败，空返回值！

2014-11-27 15-29-05     ---     调用webservices错误,方法名：[C大盘底部统计]：查询业务调用失败，空返回值！

2014-11-27 15-29-10     ---     调用webservices错误,方法名：[C大盘底部统计]：查询业务调用失败，空返回值！

2014-11-27 15-29-16     ---     调用webservices错误,方法名：[C大盘底部统计]：查询业务调用失败，空返回值！

2014-11-27 15-29-22     ---     调用webservices错误,方法名：[C大盘底部统计]：查询业务调用失败，空返回值！

2014-11-27 15-29-27     ---     调用webservices错误,方法名：[C大盘底部统计]：查询业务调用失败，空返回值！

2014-11-27 15-29-33     ---     调用webservices错误,方法名：[C大盘底部统计]：查询业务调用失败，空返回值！

2014-11-27 15-29-39     ---     调用webservices错误,方法名：[C大盘底部统计]：查询业务调用失败，空返回值！

2014-11-27 15-29-44     ---     调用webservices错误,方法名：[C大盘底部统计]：查询业务调用失败，空返回值！

2014-11-27 15-29-50     ---     调用webservices错误,方法名：[C大盘底部统计]：查询业务调用失败，空返回值！

2014-11-27 15-29-55     ---     调用webservices错误,方法名：[C大盘底部统计]：查询业务调用失败，空返回值！

2014-11-27 15-29-58     ---     调用webservices错误,方法名：[分页统一接口]：查询业务调用失败，空返回值！

2014-11-27 15-29-58     ---     委托回调错误：System.NullReferenceException: 未将对象引用设置到对象的实例。
   在 System.Windows.Forms.Control.MarshaledInvoke(Control caller, Delegate method, Object[] args, Boolean synchronous)
   在 System.Windows.Forms.Control.Invoke(Delegate method, Object[] args)
   在 客户端主程序.SubForm.NewCenterForm.SUBUC.ucZJYEBDMX_C.STR_BeginBind(Hashtable returnHT) 位置 f:\富美开发项目\2011工作副本\平台第二版-工作副本\第二版客户端主程序\SubForm\NewCenterForm\SUBUC\ucZJYEBDMX_C.cs:行号 90

2014-11-27 15-29-58     ---     委托回调错误：System.NullReferenceException: 未将对象引用设置到对象的实例。
   在 System.Windows.Forms.Control.MarshaledInvoke(Control caller, Delegate method, Object[] args, Boolean synchronous)
   在 System.Windows.Forms.Control.Invoke(Delegate method, Object[] args)
   在 客户端主程序.SubForm.UCPager.ShowThreadResult_pager(Hashtable returnHT) 位置 f:\富美开发项目\2011工作副本\平台第二版-工作副本\A_K1_Control_G\UCPager.cs:行号 96

2014-11-27 15-30-01     ---     调用webservices错误,方法名：[C大盘底部统计]：查询业务调用失败，空返回值！

2014-11-27 15-30-06     ---     调用webservices错误,方法名：[C大盘底部统计]：查询业务调用失败，空返回值！

2014-11-27 15-30-12     ---     调用webservices错误,方法名：[C大盘底部统计]：查询业务调用失败，空返回值！

2014-11-27 15-30-18     ---     调用webservices错误,方法名：[C大盘底部统计]：查询业务调用失败，空返回值！

2014-11-27 15-30-24     ---     调用webservices错误,方法名：[C大盘底部统计]：查询业务调用失败，空返回值！

2014-11-27 15-30-29     ---     调用webservices错误,方法名：[C大盘底部统计]：查询业务调用失败，空返回值！

2014-11-27 15-30-35     ---     调用webservices错误,方法名：[C大盘底部统计]：查询业务调用失败，空返回值！

2014-11-27 15-30-40     ---     调用webservices错误,方法名：[C大盘底部统计]：查询业务调用失败，空返回值！

2014-11-27 15-30-46     ---     调用webservices错误,方法名：[C大盘底部统计]：查询业务调用失败，空返回值！

2014-11-27 15-30-51     ---     调用webservices错误,方法名：[C大盘底部统计]：查询业务调用失败，空返回值！

2014-11-27 15-30-57     ---     调用webservices错误,方法名：[C大盘底部统计]：查询业务调用失败，空返回值！

2014-11-27 15-31-03     ---     调用webservices错误,方法名：[C大盘底部统计]：查询业务调用失败，空返回值！

2014-11-27 15-31-09     ---     调用webservices错误,方法名：[C大盘底部统计]：查询业务调用失败，空返回值！

2014-11-27 15-31-14     ---     调用webservices错误,方法名：[C大盘底部统计]：查询业务调用失败，空返回值！

2014-11-27 15-31-20     ---     调用webservices错误,方法名：[C大盘底部统计]：查询业务调用失败，空返回值！

2014-11-27 15-31-25     ---     调用webservices错误,方法名：[C大盘底部统计]：查询业务调用失败，空返回值！

2014-11-27 15-31-31     ---     调用webservices错误,方法名：[C大盘底部统计]：查询业务调用失败，空返回值！

2014-11-27 15-31-36     ---     调用webservices错误,方法名：[C大盘底部统计]：查询业务调用失败，空返回值！

2014-11-27 15-31-42     ---     调用webservices错误,方法名：[C大盘底部统计]：查询业务调用失败，空返回值！

2014-11-27 15-31-48     ---     调用webservices错误,方法名：[C大盘底部统计]：查询业务调用失败，空返回值！

2014-11-27 15-31-54     ---     调用webservices错误,方法名：[C大盘底部统计]：查询业务调用失败，空返回值！

2014-11-27 15-31-59     ---     调用webservices错误,方法名：[C大盘底部统计]：查询业务调用失败，空返回值！

2014-11-27 15-32-05     ---     调用webservices错误,方法名：[C大盘底部统计]：查询业务调用失败，空返回值！

2014-11-27 15-32-10     ---     调用webservices错误,方法名：[C大盘底部统计]：查询业务调用失败，空返回值！

2014-11-27 15-32-16     ---     调用webservices错误,方法名：[C大盘底部统计]：查询业务调用失败，空返回值！

2014-11-27 15-32-21     ---     调用webservices错误,方法名：[C大盘底部统计]：查询业务调用失败，空返回值！

2014-11-27 15-32-27     ---     调用webservices错误,方法名：[C大盘底部统计]：查询业务调用失败，空返回值！

2014-11-27 15-32-33     ---     调用webservices错误,方法名：[C大盘底部统计]：查询业务调用失败，空返回值！

2014-11-27 15-32-39     ---     调用webservices错误,方法名：[C大盘底部统计]：查询业务调用失败，空返回值！

2014-11-27 15-32-44     ---     调用webservices错误,方法名：[C大盘底部统计]：查询业务调用失败，空返回值！

2014-11-27 15-32-50     ---     调用webservices错误,方法名：[C大盘底部统计]：查询业务调用失败，空返回值！

2014-11-27 15-32-55     ---     调用webservices错误,方法名：[C大盘底部统计]：查询业务调用失败，空返回值！

2014-11-27 15-33-01     ---     调用webservices错误,方法名：[C大盘底部统计]：查询业务调用失败，空返回值！

2014-11-27 15-33-06     ---     调用webservices错误,方法名：[C大盘底部统计]：查询业务调用失败，空返回值！

2014-11-27 15-33-12     ---     调用webservices错误,方法名：[C大盘底部统计]：查询业务调用失败，空返回值！

2014-11-27 15-33-17     ---     调用webservices错误,方法名：[C大盘底部统计]：查询业务调用失败，空返回值！

2014-11-27 15-33-23     ---     调用webservices错误,方法名：[C大盘底部统计]：查询业务调用失败，空返回值！

2014-11-27 15-33-29     ---     调用webservices错误,方法名：[C大盘底部统计]：查询业务调用失败，空返回值！

2014-11-27 15-33-35     ---     调用webservices错误,方法名：[C大盘底部统计]：查询业务调用失败，空返回值！

2014-11-27 15-33-40     ---     调用webservices错误,方法名：[C大盘底部统计]：查询业务调用失败，空返回值！

2014-11-27 15-33-46     ---     调用webservices错误,方法名：[C大盘底部统计]：查询业务调用失败，空返回值！

2014-11-27 15-33-51     ---     调用webservices错误,方法名：[C大盘底部统计]：查询业务调用失败，空返回值！

2014-11-27 15-33-57     ---     调用webservices错误,方法名：[C大盘底部统计]：查询业务调用失败，空返回值！

2014-11-27 15-34-03     ---     调用webservices错误,方法名：[C大盘底部统计]：查询业务调用失败，空返回值！

2014-11-27 15-34-08     ---     调用webservices错误,方法名：[C大盘底部统计]：查询业务调用失败，空返回值！

2014-11-27 15-34-14     ---     调用webservices错误,方法名：[C大盘底部统计]：查询业务调用失败，空返回值！

2014-11-27 15-34-20     ---     调用webservices错误,方法名：[C大盘底部统计]：查询业务调用失败，空返回值！

2014-11-27 15-34-25     ---     调用webservices错误,方法名：[C大盘底部统计]：查询业务调用失败，空返回值！

2014-11-27 15-34-31     ---     调用webservices错误,方法名：[C大盘底部统计]：查询业务调用失败，空返回值！

2014-11-27 15-34-37     ---     调用webservices错误,方法名：[C大盘底部统计]：查询业务调用失败，空返回值！

2014-11-27 15-34-42     ---     调用webservices错误,方法名：[C大盘底部统计]：查询业务调用失败，空返回值！

2014-11-27 15-34-48     ---     调用webservices错误,方法名：[C大盘底部统计]：查询业务调用失败，空返回值！

2014-11-27 15-34-53     ---     调用webservices错误,方法名：[C大盘底部统计]：查询业务调用失败，空返回值！

2014-11-27 15-34-59     ---     调用webservices错误,方法名：[C大盘底部统计]：查询业务调用失败，空返回值！

2014-11-27 15-35-04     ---     调用webservices错误,方法名：[C大盘底部统计]：查询业务调用失败，空返回值！

2014-11-27 15-35-10     ---     调用webservices错误,方法名：[C大盘底部统计]：查询业务调用失败，空返回值！

2014-11-27 15-35-16     ---     调用webservices错误,方法名：[C大盘底部统计]：查询业务调用失败，空返回值！

2014-11-27 15-35-22     ---     调用webservices错误,方法名：[C大盘底部统计]：查询业务调用失败，空返回值！

2014-11-27 15-35-27     ---     调用webservices错误,方法名：[C大盘底部统计]：查询业务调用失败，空返回值！

2014-11-27 15-35-33     ---     调用webservices错误,方法名：[C大盘底部统计]：查询业务调用失败，空返回值！

2014-11-27 15-35-38     ---     调用webservices错误,方法名：[C大盘底部统计]：查询业务调用失败，空返回值！

2014-11-27 15-35-44     ---     调用webservices错误,方法名：[C大盘底部统计]：查询业务调用失败，空返回值！

2014-11-27 15-35-46     ---     调用webservices错误,方法名：[分页统一接口]：查询业务调用失败，空返回值！

2014-11-27 15-35-46     ---     委托回调错误：System.NullReferenceException: 未将对象引用设置到对象的实例。
   在 System.Windows.Forms.Control.MarshaledInvoke(Control caller, Delegate method, Object[] args, Boolean synchronous)
   在 System.Windows.Forms.Control.Invoke(Delegate method, Object[] args)
   在 客户端主程序.SubForm.NewCenterForm.SUBUC.ucZJYEBDMX_C.STR_BeginBind(Hashtable returnHT) 位置 f:\富美开发项目\2011工作副本\平台第二版-工作副本\第二版客户端主程序\SubForm\NewCenterForm\SUBUC\ucZJYEBDMX_C.cs:行号 90

2014-11-27 15-35-47     ---     委托回调错误：System.NullReferenceException: 未将对象引用设置到对象的实例。
   在 System.Windows.Forms.Control.MarshaledInvoke(Control caller, Delegate method, Object[] args, Boolean synchronous)
   在 System.Windows.Forms.Control.Invoke(Delegate method, Object[] args)
   在 客户端主程序.SubForm.UCPager.ShowThreadResult_pager(Hashtable returnHT) 位置 f:\富美开发项目\2011工作副本\平台第二版-工作副本\A_K1_Control_G\UCPager.cs:行号 96

2014-11-27 15-35-49     ---     调用webservices错误,方法名：[C大盘底部统计]：查询业务调用失败，空返回值！

2014-11-27 15-35-55     ---     调用webservices错误,方法名：[C大盘底部统计]：查询业务调用失败，空返回值！

2014-11-27 15-36-00     ---     调用webservices错误,方法名：[C大盘底部统计]：查询业务调用失败，空返回值！

2014-11-27 15-36-06     ---     调用webservices错误,方法名：[C大盘底部统计]：查询业务调用失败，空返回值！

2014-11-27 15-36-12     ---     调用webservices错误,方法名：[C大盘底部统计]：查询业务调用失败，空返回值！

2014-11-27 15-36-18     ---     调用webservices错误,方法名：[C大盘底部统计]：查询业务调用失败，空返回值！

2014-11-27 15-36-23     ---     调用webservices错误,方法名：[C大盘底部统计]：查询业务调用失败，空返回值！

2014-11-27 15-36-29     ---     调用webservices错误,方法名：[C大盘底部统计]：查询业务调用失败，空返回值！

2014-11-27 15-36-34     ---     调用webservices错误,方法名：[C大盘底部统计]：查询业务调用失败，空返回值！

2014-11-27 15-36-40     ---     调用webservices错误,方法名：[C大盘底部统计]：查询业务调用失败，空返回值！

2014-11-27 15-36-46     ---     调用webservices错误,方法名：[C大盘底部统计]：查询业务调用失败，空返回值！

2014-11-27 15-36-51     ---     调用webservices错误,方法名：[C大盘底部统计]：查询业务调用失败，空返回值！

2014-11-27 15-36-57     ---     调用webservices错误,方法名：[C大盘底部统计]：查询业务调用失败，空返回值！

2014-11-27 15-37-03     ---     调用webservices错误,方法名：[C大盘底部统计]：查询业务调用失败，空返回值！

2014-11-27 15-37-08     ---     调用webservices错误,方法名：[C大盘底部统计]：查询业务调用失败，空返回值！

2014-11-27 15-37-14     ---     调用webservices错误,方法名：[C大盘底部统计]：查询业务调用失败，空返回值！

2014-11-27 15-37-19     ---     调用webservices错误,方法名：[C大盘底部统计]：查询业务调用失败，空返回值！

2014-11-27 15-37-25     ---     调用webservices错误,方法名：[C大盘底部统计]：查询业务调用失败，空返回值！

2014-11-27 15-37-30     ---     调用webservices错误,方法名：[C大盘底部统计]：查询业务调用失败，空返回值！

2014-11-27 15-37-36     ---     调用webservices错误,方法名：[C大盘底部统计]：查询业务调用失败，空返回值！

2014-11-27 15-37-42     ---     调用webservices错误,方法名：[C大盘底部统计]：查询业务调用失败，空返回值！

2014-11-27 15-37-48     ---     调用webservices错误,方法名：[C大盘底部统计]：查询业务调用失败，空返回值！

2014-11-27 15-37-53     ---     调用webservices错误,方法名：[C大盘底部统计]：查询业务调用失败，空返回值！

2014-11-27 15-37-59     ---     调用webservices错误,方法名：[C大盘底部统计]：查询业务调用失败，空返回值！

2014-11-27 15-38-04     ---     调用webservices错误,方法名：[C大盘底部统计]：查询业务调用失败，空返回值！

2014-11-27 15-38-10     ---     调用webservices错误,方法名：[C大盘底部统计]：查询业务调用失败，空返回值！

2014-11-27 15-38-15     ---     调用webservices错误,方法名：[C大盘底部统计]：查询业务调用失败，空返回值！

2014-11-27 15-38-21     ---     调用webservices错误,方法名：[C大盘底部统计]：查询业务调用失败，空返回值！

2014-11-27 15-38-27     ---     调用webservices错误,方法名：[C大盘底部统计]：查询业务调用失败，空返回值！

2014-11-27 15-38-33     ---     调用webservices错误,方法名：[C大盘底部统计]：查询业务调用失败，空返回值！

2014-11-27 15-38-38     ---     调用webservices错误,方法名：[C大盘底部统计]：查询业务调用失败，空返回值！

2014-11-27 15-38-44     ---     调用webservices错误,方法名：[C大盘底部统计]：查询业务调用失败，空返回值！

2014-11-27 15-38-49     ---     调用webservices错误,方法名：[C大盘底部统计]：查询业务调用失败，空返回值！

2014-11-27 15-38-55     ---     调用webservices错误,方法名：[C大盘底部统计]：查询业务调用失败，空返回值！

2014-11-27 15-39-00     ---     调用webservices错误,方法名：[C大盘底部统计]：查询业务调用失败，空返回值！

2014-11-27 15-39-06     ---     调用webservices错误,方法名：[C大盘底部统计]：查询业务调用失败，空返回值！

2014-11-27 15-39-12     ---     调用webservices错误,方法名：[C大盘底部统计]：查询业务调用失败，空返回值！

2014-11-27 15-39-18     ---     调用webservices错误,方法名：[C大盘底部统计]：查询业务调用失败，空返回值！

2014-11-27 15-39-23     ---     调用webservices错误,方法名：[C大盘底部统计]：查询业务调用失败，空返回值！

2014-11-27 15-39-29     ---     调用webservices错误,方法名：[C大盘底部统计]：查询业务调用失败，空返回值！

2014-11-27 15-39-34     ---     调用webservices错误,方法名：[C大盘底部统计]：查询业务调用失败，空返回值！

2014-11-27 15-39-40     ---     调用webservices错误,方法名：[C大盘底部统计]：查询业务调用失败，空返回值！

2014-11-27 15-39-45     ---     调用webservices错误,方法名：[C大盘底部统计]：查询业务调用失败，空返回值！

2014-11-27 15-39-51     ---     调用webservices错误,方法名：[C大盘底部统计]：查询业务调用失败，空返回值！

2014-11-27 15-39-57     ---     调用webservices错误,方法名：[C大盘底部统计]：查询业务调用失败，空返回值！

2014-11-27 15-40-03     ---     调用webservices错误,方法名：[C大盘底部统计]：查询业务调用失败，空返回值！

2014-11-27 15-40-08     ---     调用webservices错误,方法名：[C大盘底部统计]：查询业务调用失败，空返回值！

2014-11-27 15-40-14     ---     调用webservices错误,方法名：[C大盘底部统计]：查询业务调用失败，空返回值！

2014-11-27 15-40-19     ---     调用webservices错误,方法名：[C大盘底部统计]：查询业务调用失败，空返回值！

2014-11-27 15-40-25     ---     调用webservices错误,方法名：[C大盘底部统计]：查询业务调用失败，空返回值！

2014-11-27 15-40-30     ---     调用webservices错误,方法名：[C大盘底部统计]：查询业务调用失败，空返回值！

2014-11-27 15-40-36     ---     调用webservices错误,方法名：[C大盘底部统计]：查询业务调用失败，空返回值！

2014-11-27 15-40-41     ---     调用webservices错误,方法名：[C大盘底部统计]：查询业务调用失败，空返回值！

2014-11-27 15-40-47     ---     调用webservices错误,方法名：[C大盘底部统计]：查询业务调用失败，空返回值！

2014-11-27 15-40-52     ---     调用webservices错误,方法名：[C大盘底部统计]：查询业务调用失败，空返回值！

2014-11-27 15-40-58     ---     调用webservices错误,方法名：[C大盘底部统计]：查询业务调用失败，空返回值！

2014-11-27 15-41-04     ---     调用webservices错误,方法名：[C大盘底部统计]：查询业务调用失败，空返回值！

2014-11-27 15-41-10     ---     调用webservices错误,方法名：[C大盘底部统计]：查询业务调用失败，空返回值！

2014-11-27 15-41-15     ---     调用webservices错误,方法名：[C大盘底部统计]：查询业务调用失败，空返回值！

2014-11-27 15-41-21     ---     调用webservices错误,方法名：[C大盘底部统计]：查询业务调用失败，空返回值！

2014-11-27 15-41-26     ---     调用webservices错误,方法名：[C大盘底部统计]：查询业务调用失败，空返回值！

2014-11-27 15-41-32     ---     调用webservices错误,方法名：[C大盘底部统计]：查询业务调用失败，空返回值！

2014-11-27 15-41-37     ---     调用webservices错误,方法名：[C大盘底部统计]：查询业务调用失败，空返回值！

2014-11-27 15-41-43     ---     调用webservices错误,方法名：[C大盘底部统计]：查询业务调用失败，空返回值！

2014-11-27 15-41-49     ---     调用webservices错误,方法名：[C大盘底部统计]：查询业务调用失败，空返回值！

2014-11-27 15-41-54     ---     调用webservices错误,方法名：[C大盘底部统计]：查询业务调用失败，空返回值！

2014-11-27 15-42-00     ---     调用webservices错误,方法名：[C大盘底部统计]：查询业务调用失败，空返回值！

2014-11-27 15-42-06     ---     调用webservices错误,方法名：[C大盘底部统计]：查询业务调用失败，空返回值！

2014-11-27 15-42-11     ---     调用webservices错误,方法名：[C大盘底部统计]：查询业务调用失败，空返回值！

2014-11-27 15-42-17     ---     调用webservices错误,方法名：[C大盘底部统计]：查询业务调用失败，空返回值！

2014-11-27 15-42-22     ---     调用webservices错误,方法名：[C大盘底部统计]：查询业务调用失败，空返回值！

2014-11-27 15-42-28     ---     调用webservices错误,方法名：[C大盘底部统计]：查询业务调用失败，空返回值！

2014-11-27 15-42-33     ---     调用webservices错误,方法名：[C大盘底部统计]：查询业务调用失败，空返回值！

2014-11-27 15-42-39     ---     调用webservices错误,方法名：[C大盘底部统计]：查询业务调用失败，空返回值！

2014-11-27 15-42-45     ---     调用webservices错误,方法名：[C大盘底部统计]：查询业务调用失败，空返回值！

2014-11-27 15-42-51     ---     调用webservices错误,方法名：[C大盘底部统计]：查询业务调用失败，空返回值！

2014-11-27 15-42-56     ---     调用webservices错误,方法名：[C大盘底部统计]：查询业务调用失败，空返回值！

2014-11-27 15-43-02     ---     调用webservices错误,方法名：[C大盘底部统计]：查询业务调用失败，空返回值！

2014-11-27 15-43-07     ---     调用webservices错误,方法名：[C大盘底部统计]：查询业务调用失败，空返回值！

2014-11-27 15-43-13     ---     调用webservices错误,方法名：[C大盘底部统计]：查询业务调用失败，空返回值！

2014-11-27 15-43-18     ---     调用webservices错误,方法名：[C大盘底部统计]：查询业务调用失败，空返回值！

2014-11-27 15-43-24     ---     调用webservices错误,方法名：[C大盘底部统计]：查询业务调用失败，空返回值！

2014-11-27 15-43-30     ---     调用webservices错误,方法名：[C大盘底部统计]：查询业务调用失败，空返回值！

2014-11-27 15-43-35     ---     调用webservices错误,方法名：[C大盘底部统计]：查询业务调用失败，空返回值！

2014-11-27 15-43-41     ---     调用webservices错误,方法名：[C大盘底部统计]：查询业务调用失败，空返回值！

2014-11-27 15-43-47     ---     调用webservices错误,方法名：[C大盘底部统计]：查询业务调用失败，空返回值！

2014-11-27 15-43-52     ---     调用webservices错误,方法名：[C大盘底部统计]：查询业务调用失败，空返回值！

2014-11-27 15-43-58     ---     调用webservices错误,方法名：[C大盘底部统计]：查询业务调用失败，空返回值！

2014-11-27 15-44-03     ---     调用webservices错误,方法名：[C大盘底部统计]：查询业务调用失败，空返回值！

2014-11-27 15-44-09     ---     调用webservices错误,方法名：[C大盘底部统计]：查询业务调用失败，空返回值！

2014-11-27 15-44-15     ---     调用webservices错误,方法名：[C大盘底部统计]：查询业务调用失败，空返回值！

2014-11-27 15-44-21     ---     调用webservices错误,方法名：[C大盘底部统计]：查询业务调用失败，空返回值！

2014-11-27 15-44-26     ---     调用webservices错误,方法名：[C大盘底部统计]：查询业务调用失败，空返回值！

2014-11-27 15-44-32     ---     调用webservices错误,方法名：[C大盘底部统计]：查询业务调用失败，空返回值！

2014-11-27 15-44-37     ---     调用webservices错误,方法名：[C大盘底部统计]：查询业务调用失败，空返回值！

2014-11-27 15-44-43     ---     调用webservices错误,方法名：[C大盘底部统计]：查询业务调用失败，空返回值！

2014-11-27 15-44-48     ---     调用webservices错误,方法名：[C大盘底部统计]：查询业务调用失败，空返回值！

2014-11-27 15-44-54     ---     调用webservices错误,方法名：[C大盘底部统计]：查询业务调用失败，空返回值！

2014-11-27 15-45-00     ---     调用webservices错误,方法名：[C大盘底部统计]：查询业务调用失败，空返回值！

2014-11-27 15-45-06     ---     调用webservices错误,方法名：[C大盘底部统计]：查询业务调用失败，空返回值！

2014-11-27 15-45-11     ---     调用webservices错误,方法名：[C大盘底部统计]：查询业务调用失败，空返回值！

2014-11-27 15-45-17     ---     调用webservices错误,方法名：[C大盘底部统计]：查询业务调用失败，空返回值！

2014-11-27 15-45-22     ---     调用webservices错误,方法名：[C大盘底部统计]：查询业务调用失败，空返回值！

2014-11-27 15-45-28     ---     调用webservices错误,方法名：[C大盘底部统计]：查询业务调用失败，空返回值！

2014-11-27 15-45-33     ---     调用webservices错误,方法名：[C大盘底部统计]：查询业务调用失败，空返回值！

2014-11-27 15-45-39     ---     调用webservices错误,方法名：[C大盘底部统计]：查询业务调用失败，空返回值！

2014-11-27 15-45-45     ---     调用webservices错误,方法名：[C大盘底部统计]：查询业务调用失败，空返回值！

2014-11-27 15-45-51     ---     调用webservices错误,方法名：[C大盘底部统计]：查询业务调用失败，空返回值！

