2014-03-06 11-25-37     ---     调用webservices错误,方法名：[CreatNewDapanList_Group]：System.Reflection.TargetInvocationException: 调用的目标发生了异常。 ---> System.InvalidOperationException: 客户端发现响应内容类型为“text/html”，但应为“text/xml”。
请求失败，错误信息为:
--
<!DOCTYPE html PUBLIC "-//W3C//DTD XHTML 1.0 Strict//EN" "http://www.w3.org/TR/xhtml1/DTD/xhtml1-strict.dtd">
<html xmlns="http://www.w3.org/1999/xhtml">
<head>
<meta http-equiv="Content-Type" content="text/html; charset=gb2312"/>
<title>500 - ????????????????</title>
<style type="text/css">
<!--
body{margin:0;font-size:.7em;font-family:Verdana, Arial, Helvetica, sans-serif;background:#EEEEEE;}
fieldset{padding:0 15px 10px 15px;} 
h1{font-size:2.4em;margin:0;color:#FFF;}
h2{font-size:1.7em;margin:0;color:#CC0000;} 
h3{font-size:1.2em;margin:10px 0 0 0;color:#000000;} 
#header{width:96%;margin:0 0 0 0;padding:6px 2% 6px 2%;font-family:"trebuchet MS", Verdana, sans-serif;color:#FFF;
background-color:#555555;}
#content{margin:0 0 0 2%;position:relative;}
.content-container{background:#FFF;width:96%;margin-top:8px;padding:10px;position:relative;}
-->
</style>
</head>
<body>
<div id="header"><h1>??????????</h1></div>
<div id="content">
 <div class="content-container"><fieldset>
  <h2>500 - ????????????????</h2>
  <h3>????????????????????????????????????</h3>
 </fieldset></div>
</div>
</body>
</html>

--.
   在 System.Web.Services.Protocols.SoapHttpClientProtocol.ReadResponse(SoapClientMessage message, WebResponse response, Stream responseStream, Boolean asyncCall)
   在 System.Web.Services.Protocols.SoapHttpClientProtocol.Invoke(String methodName, Object[] parameters)
   在 交易数据监控.ceshi2013.fm8844.com.ws2013.CreatNewDapanList_Group() 位置 f:\富美开发项目\2011工作副本\平台各监控\交易数据监控\Web References\ceshi2013.fm8844.com\Reference.cs:行号 1550
   --- 内部异常堆栈跟踪的结尾 ---
   在 System.RuntimeMethodHandle._InvokeMethodFast(Object target, Object[] arguments, SignatureStruct& sig, MethodAttributes methodAttributes, RuntimeTypeHandle typeOwner)
   在 System.Reflection.RuntimeMethodInfo.Invoke(Object obj, BindingFlags invokeAttr, Binder binder, Object[] parameters, CultureInfo culture, Boolean skipVisibilityChecks)
   在 System.Reflection.RuntimeMethodInfo.Invoke(Object obj, BindingFlags invokeAttr, Binder binder, Object[] parameters, CultureInfo culture)
   在 System.Reflection.MethodBase.Invoke(Object obj, Object[] parameters)
   在 交易数据监控.WebServicesCenter2013.RunAtServices(String MethodName, Object[] CSarr) 位置 f:\富美开发项目\2011工作副本\平台各监控\交易数据监控\WebServicesCenter2013.cs:行号 92

